{"name":"hexo","hostname":"amas.org","pid":5780,"level":20,"msg":"Hexo version: \u001b[35m3.4.4\u001b[39m","time":"2018-07-17T03:28:48.225Z","v":0}
{"name":"hexo","hostname":"amas.org","pid":5780,"level":20,"msg":"Working directory: \u001b[35m/src/amas/amas.docs/\u001b[39m","time":"2018-07-17T03:28:48.227Z","v":0}
{"name":"hexo","hostname":"amas.org","pid":5780,"level":20,"msg":"Config loaded: \u001b[35m/src/amas/amas.docs/_config.yml\u001b[39m","time":"2018-07-17T03:28:48.281Z","v":0}
{"name":"hexo","hostname":"amas.org","pid":5780,"level":20,"msg":"Plugin loaded: \u001b[35mhexo-generator-archive\u001b[39m","time":"2018-07-17T03:28:48.288Z","v":0}
{"name":"hexo","hostname":"amas.org","pid":5780,"level":20,"msg":"Plugin loaded: \u001b[35mhexo-deployer-git\u001b[39m","time":"2018-07-17T03:28:48.290Z","v":0}
{"name":"hexo","hostname":"amas.org","pid":5780,"level":20,"msg":"Plugin loaded: \u001b[35mhexo-generator-category\u001b[39m","time":"2018-07-17T03:28:48.291Z","v":0}
{"name":"hexo","hostname":"amas.org","pid":5780,"level":20,"msg":"Plugin loaded: \u001b[35mhexo-generator-tag\u001b[39m","time":"2018-07-17T03:28:48.292Z","v":0}
{"name":"hexo","hostname":"amas.org","pid":5780,"level":20,"msg":"Plugin loaded: \u001b[35mhexo-renderer-ejs\u001b[39m","time":"2018-07-17T03:28:48.296Z","v":0}
{"name":"hexo","hostname":"amas.org","pid":5780,"level":20,"msg":"Plugin loaded: \u001b[35mhexo-generator-index\u001b[39m","time":"2018-07-17T03:28:48.297Z","v":0}
{"name":"hexo","hostname":"amas.org","pid":5780,"level":20,"msg":"Plugin loaded: \u001b[35mhexo-renderer-jade\u001b[39m","time":"2018-07-17T03:28:48.508Z","v":0}
{"name":"hexo","hostname":"amas.org","pid":5780,"level":20,"msg":"Plugin loaded: \u001b[35mhexo-renderer-marked\u001b[39m","time":"2018-07-17T03:28:48.512Z","v":0}
{"name":"hexo","hostname":"amas.org","pid":5780,"level":20,"msg":"Plugin loaded: \u001b[35mhexo-renderer-stylus\u001b[39m","time":"2018-07-17T03:28:48.512Z","v":0}
{"name":"hexo","hostname":"amas.org","pid":5780,"level":20,"msg":"Plugin loaded: \u001b[35mhexo-server\u001b[39m","time":"2018-07-17T03:28:48.550Z","v":0}
{"name":"hexo","hostname":"amas.org","pid":5780,"level":20,"msg":"Script loaded: \u001b[35mthemes/prince/scripts/customGist.js\u001b[39m","time":"2018-07-17T03:28:48.576Z","v":0}
{"name":"hexo","hostname":"amas.org","pid":5780,"level":20,"msg":"Loading database.","time":"2018-07-17T03:28:48.577Z","v":0}
{"name":"hexo","hostname":"amas.org","pid":5780,"level":30,"msg":"Start processing","time":"2018-07-17T03:28:48.629Z","v":0}
{"name":"hexo","hostname":"amas.org","pid":5780,"level":20,"msg":"Processed: \u001b[35m_posts/eth-erc20.md\u001b[39m","time":"2018-07-17T03:28:48.665Z","v":0}
{"name":"hexo","hostname":"amas.org","pid":5780,"level":20,"msg":"Processed: \u001b[35m_posts/cmd-pandoc.md\u001b[39m","time":"2018-07-17T03:28:48.665Z","v":0}
{"name":"hexo","hostname":"amas.org","pid":5780,"level":20,"msg":"Processed: \u001b[35m_posts/eth-ganache.md\u001b[39m","time":"2018-07-17T03:28:48.665Z","v":0}
{"name":"hexo","hostname":"amas.org","pid":5780,"level":20,"msg":"Processed: \u001b[35m_posts/eth-rpc-guide.md\u001b[39m","time":"2018-07-17T03:28:48.665Z","v":0}
{"name":"hexo","hostname":"amas.org","pid":5780,"level":20,"msg":"Processed: \u001b[35m_posts/eth-solidity.md\u001b[39m","time":"2018-07-17T03:28:48.665Z","v":0}
{"name":"hexo","hostname":"amas.org","pid":5780,"level":20,"msg":"Processed: \u001b[35m_posts/eth-truffle.md\u001b[39m","time":"2018-07-17T03:28:48.665Z","v":0}
{"name":"hexo","hostname":"amas.org","pid":5780,"level":20,"msg":"Processed: \u001b[35m_posts/javascript-play.md\u001b[39m","time":"2018-07-17T03:28:48.665Z","v":0}
{"name":"hexo","hostname":"amas.org","pid":5780,"level":20,"msg":"Processed: \u001b[35m_posts/node-npm.md\u001b[39m","time":"2018-07-17T03:28:48.666Z","v":0}
{"name":"hexo","hostname":"amas.org","pid":5780,"level":20,"msg":"Processed: \u001b[35m_posts/nodejs-dev-startup.md\u001b[39m","time":"2018-07-17T03:28:48.666Z","v":0}
{"name":"hexo","hostname":"amas.org","pid":5780,"level":20,"msg":"Processed: \u001b[35m_posts/nodejs-play.md\u001b[39m","time":"2018-07-17T03:28:48.666Z","v":0}
{"name":"hexo","hostname":"amas.org","pid":5780,"level":20,"msg":"Processed: \u001b[35m_posts/start-githubpage.md\u001b[39m","time":"2018-07-17T03:28:48.666Z","v":0}
{"name":"hexo","hostname":"amas.org","pid":5780,"level":20,"msg":"Processed: \u001b[35m_posts/zsh-ZshArray.md\u001b[39m","time":"2018-07-17T03:28:48.666Z","v":0}
{"name":"hexo","hostname":"amas.org","pid":5780,"level":20,"msg":"Processed: \u001b[35m_posts/zsh-ZshParameterExpansion.md\u001b[39m","time":"2018-07-17T03:28:48.666Z","v":0}
{"name":"hexo","hostname":"amas.org","pid":5780,"level":20,"msg":"Processed: \u001b[35m_posts/zsh-zsh-lover.md\u001b[39m","time":"2018-07-17T03:28:48.666Z","v":0}
{"name":"hexo","hostname":"amas.org","pid":5780,"level":20,"msg":"Processed: \u001b[35msource/favicon.png\u001b[39m","time":"2018-07-17T03:28:48.671Z","v":0}
{"name":"hexo","hostname":"amas.org","pid":5780,"level":20,"msg":"Theme config loaded.","time":"2018-07-17T03:28:48.682Z","v":0}
{"name":"hexo","hostname":"amas.org","pid":5780,"level":20,"msg":"Processed: \u001b[35m_config.yml\u001b[39m","time":"2018-07-17T03:28:48.683Z","v":0}
{"name":"hexo","hostname":"amas.org","pid":5780,"level":20,"msg":"Processed: \u001b[35msource/css/reset.css\u001b[39m","time":"2018-07-17T03:28:48.683Z","v":0}
{"name":"hexo","hostname":"amas.org","pid":5780,"level":20,"msg":"Processed: \u001b[35msource/css/font-awesome.min.css\u001b[39m","time":"2018-07-17T03:28:48.683Z","v":0}
{"name":"hexo","hostname":"amas.org","pid":5780,"level":20,"msg":"Processed: \u001b[35msource/css/main.css\u001b[39m","time":"2018-07-17T03:28:48.683Z","v":0}
{"name":"hexo","hostname":"amas.org","pid":5780,"level":20,"msg":"Processed: \u001b[35msource/fancybox/jquery.fancybox.min.css\u001b[39m","time":"2018-07-17T03:28:48.684Z","v":0}
{"name":"hexo","hostname":"amas.org","pid":5780,"level":20,"msg":"Processed: \u001b[35msource/fancybox/jquery.fancybox.min.js\u001b[39m","time":"2018-07-17T03:28:48.684Z","v":0}
{"name":"hexo","hostname":"amas.org","pid":5780,"level":20,"msg":"Processed: \u001b[35msource/css/bootstrap.min.css\u001b[39m","time":"2018-07-17T03:28:48.684Z","v":0}
{"name":"hexo","hostname":"amas.org","pid":5780,"level":20,"msg":"Processed: \u001b[35msource/js/gist-embed.min.js\u001b[39m","time":"2018-07-17T03:28:48.684Z","v":0}
{"name":"hexo","hostname":"amas.org","pid":5780,"level":20,"msg":"Processed: \u001b[35msource/js/bootstrap.min.js\u001b[39m","time":"2018-07-17T03:28:48.685Z","v":0}
{"name":"hexo","hostname":"amas.org","pid":5780,"level":20,"msg":"Processed: \u001b[35msource/js/script.js\u001b[39m","time":"2018-07-17T03:28:48.685Z","v":0}
{"name":"hexo","hostname":"amas.org","pid":5780,"level":20,"msg":"Processed: \u001b[35mlayout/page.jade\u001b[39m","time":"2018-07-17T03:28:49.063Z","v":0}
{"name":"hexo","hostname":"amas.org","pid":5780,"level":20,"msg":"Processed: \u001b[35mlayout/archive.jade\u001b[39m","time":"2018-07-17T03:28:49.063Z","v":0}
{"name":"hexo","hostname":"amas.org","pid":5780,"level":20,"msg":"Processed: \u001b[35mlayout/index.jade\u001b[39m","time":"2018-07-17T03:28:49.063Z","v":0}
{"name":"hexo","hostname":"amas.org","pid":5780,"level":20,"msg":"Processed: \u001b[35mlayout/post.jade\u001b[39m","time":"2018-07-17T03:28:49.064Z","v":0}
{"name":"hexo","hostname":"amas.org","pid":5780,"level":20,"msg":"Processed: \u001b[35mlayout/tag.jade\u001b[39m","time":"2018-07-17T03:28:49.064Z","v":0}
{"name":"hexo","hostname":"amas.org","pid":5780,"level":20,"msg":"Processed: \u001b[35mlanguages/default.yml\u001b[39m","time":"2018-07-17T03:28:49.065Z","v":0}
{"name":"hexo","hostname":"amas.org","pid":5780,"level":20,"msg":"Processed: \u001b[35mlanguages/zh-CN.yml\u001b[39m","time":"2018-07-17T03:28:49.065Z","v":0}
{"name":"hexo","hostname":"amas.org","pid":5780,"level":20,"msg":"Processed: \u001b[35msource/fonts/fontawesome-webfont.woff\u001b[39m","time":"2018-07-17T03:28:49.065Z","v":0}
{"name":"hexo","hostname":"amas.org","pid":5780,"level":20,"msg":"Processed: \u001b[35msource/fonts/fontawesome-webfont.woff2\u001b[39m","time":"2018-07-17T03:28:49.066Z","v":0}
{"name":"hexo","hostname":"amas.org","pid":5780,"level":20,"msg":"Processed: \u001b[35msource/js/jquery-3.2.1.min.js\u001b[39m","time":"2018-07-17T03:28:49.066Z","v":0}
{"name":"hexo","hostname":"amas.org","pid":5780,"level":20,"msg":"Processed: \u001b[35msource/aboutme.jpg\u001b[39m","time":"2018-07-17T03:28:49.066Z","v":0}
{"name":"hexo","hostname":"amas.org","pid":5780,"level":20,"msg":"Processed: \u001b[35msource/fonts/FontAwesome.otf\u001b[39m","time":"2018-07-17T03:28:49.068Z","v":0}
{"name":"hexo","hostname":"amas.org","pid":5780,"level":20,"msg":"Processed: \u001b[35msource/fonts/fontawesome-webfont.ttf\u001b[39m","time":"2018-07-17T03:28:49.068Z","v":0}
{"name":"hexo","hostname":"amas.org","pid":5780,"level":20,"msg":"Processed: \u001b[35msource/fonts/fontawesome-webfont.eot\u001b[39m","time":"2018-07-17T03:28:49.068Z","v":0}
{"name":"hexo","hostname":"amas.org","pid":5780,"level":20,"msg":"Processed: \u001b[35mlayout/_partial/copyright.jade\u001b[39m","time":"2018-07-17T03:28:49.097Z","v":0}
{"name":"hexo","hostname":"amas.org","pid":5780,"level":20,"msg":"Processed: \u001b[35mlayout/_partial/aside.jade\u001b[39m","time":"2018-07-17T03:28:49.097Z","v":0}
{"name":"hexo","hostname":"amas.org","pid":5780,"level":20,"msg":"Processed: \u001b[35mlayout/_partial/google-analytics.jade\u001b[39m","time":"2018-07-17T03:28:49.097Z","v":0}
{"name":"hexo","hostname":"amas.org","pid":5780,"level":20,"msg":"Processed: \u001b[35mlayout/_partial/head.jade\u001b[39m","time":"2018-07-17T03:28:49.097Z","v":0}
{"name":"hexo","hostname":"amas.org","pid":5780,"level":20,"msg":"Processed: \u001b[35mlayout/_partial/layout.jade\u001b[39m","time":"2018-07-17T03:28:49.098Z","v":0}
{"name":"hexo","hostname":"amas.org","pid":5780,"level":20,"msg":"Processed: \u001b[35msource/fonts/Oswald/Oswald-Regular.ttf\u001b[39m","time":"2018-07-17T03:28:49.099Z","v":0}
{"name":"hexo","hostname":"amas.org","pid":5780,"level":20,"msg":"Processed: \u001b[35msource/fonts/Oswald/Oswald-Bold.ttf\u001b[39m","time":"2018-07-17T03:28:49.099Z","v":0}
{"name":"hexo","hostname":"amas.org","pid":5780,"level":20,"msg":"Processed: \u001b[35mlayout/_partial/nav.jade\u001b[39m","time":"2018-07-17T03:28:49.123Z","v":0}
{"name":"hexo","hostname":"amas.org","pid":5780,"level":20,"msg":"Processed: \u001b[35mlayout/mixins/paginator.jade\u001b[39m","time":"2018-07-17T03:28:49.124Z","v":0}
{"name":"hexo","hostname":"amas.org","pid":5780,"level":20,"msg":"Processed: \u001b[35mlayout/mixins/post.jade\u001b[39m","time":"2018-07-17T03:28:49.124Z","v":0}
{"name":"hexo","hostname":"amas.org","pid":5780,"level":20,"msg":"Processed: \u001b[35msource/fonts/fontawesome-webfont.svg\u001b[39m","time":"2018-07-17T03:28:49.125Z","v":0}
{"name":"hexo","hostname":"amas.org","pid":5780,"level":60,"err":{"message":"(unknown path) [Line 71, Column 164]\n  unexpected token: #","name":"Template render error","stack":"Template render error: (unknown path) [Line 71, Column 164]\n  unexpected token: #\n    at Object.exports.prettifyError (/src/amas/amas.docs/node_modules/nunjucks/src/lib.js:34:15)\n    at new_cls.render (/src/amas/amas.docs/node_modules/nunjucks/src/environment.js:469:27)\n    at new_cls.renderString (/src/amas/amas.docs/node_modules/nunjucks/src/environment.js:327:21)\n    at /src/amas/amas.docs/node_modules/hexo/lib/extend/tag.js:66:9\n    at Promise._execute (/src/amas/amas.docs/node_modules/bluebird/js/release/debuggability.js:303:9)\n    at Promise._resolveFromExecutor (/src/amas/amas.docs/node_modules/bluebird/js/release/promise.js:483:18)\n    at new Promise (/src/amas/amas.docs/node_modules/bluebird/js/release/promise.js:79:10)\n    at Tag.render (/src/amas/amas.docs/node_modules/hexo/lib/extend/tag.js:64:10)\n    at Object.tagFilter [as onRenderEnd] (/src/amas/amas.docs/node_modules/hexo/lib/hexo/post.js:266:16)\n    at /src/amas/amas.docs/node_modules/hexo/lib/hexo/render.js:65:19\n    at tryCatcher (/src/amas/amas.docs/node_modules/bluebird/js/release/util.js:16:23)\n    at Promise._settlePromiseFromHandler (/src/amas/amas.docs/node_modules/bluebird/js/release/promise.js:512:31)\n    at Promise._settlePromise (/src/amas/amas.docs/node_modules/bluebird/js/release/promise.js:569:18)\n    at Promise._settlePromise0 (/src/amas/amas.docs/node_modules/bluebird/js/release/promise.js:614:10)\n    at Promise._settlePromises (/src/amas/amas.docs/node_modules/bluebird/js/release/promise.js:693:18)\n    at Async._drainQueue (/src/amas/amas.docs/node_modules/bluebird/js/release/async.js:133:16)\n    at Async._drainQueues (/src/amas/amas.docs/node_modules/bluebird/js/release/async.js:143:10)\n    at Immediate.Async.drainQueues (/src/amas/amas.docs/node_modules/bluebird/js/release/async.js:17:14)\n    at runCallback (timers.js:763:18)\n    at tryOnImmediate (timers.js:734:5)\n    at processImmediate (timers.js:716:5)"},"msg":"Something's wrong. Maybe you can find the solution here: \u001b[4mhttp://hexo.io/docs/troubleshooting.html\u001b[24m","time":"2018-07-17T03:28:49.484Z","v":0}
{"name":"hexo","hostname":"amas.org","pid":5780,"level":20,"msg":"Database saved","time":"2018-07-17T03:28:49.500Z","v":0}
{"name":"hexo","hostname":"amas.org","pid":6885,"level":20,"msg":"Hexo version: \u001b[35m3.4.4\u001b[39m","time":"2018-07-17T03:42:12.609Z","v":0}
{"name":"hexo","hostname":"amas.org","pid":6885,"level":20,"msg":"Working directory: \u001b[35m/src/amas/amas.docs/\u001b[39m","time":"2018-07-17T03:42:12.611Z","v":0}
{"name":"hexo","hostname":"amas.org","pid":6885,"level":20,"msg":"Config loaded: \u001b[35m/src/amas/amas.docs/_config.yml\u001b[39m","time":"2018-07-17T03:42:12.666Z","v":0}
{"name":"hexo","hostname":"amas.org","pid":6885,"level":20,"msg":"Plugin loaded: \u001b[35mhexo-generator-archive\u001b[39m","time":"2018-07-17T03:42:12.674Z","v":0}
{"name":"hexo","hostname":"amas.org","pid":6885,"level":20,"msg":"Plugin loaded: \u001b[35mhexo-generator-category\u001b[39m","time":"2018-07-17T03:42:12.675Z","v":0}
{"name":"hexo","hostname":"amas.org","pid":6885,"level":20,"msg":"Plugin loaded: \u001b[35mhexo-deployer-git\u001b[39m","time":"2018-07-17T03:42:12.677Z","v":0}
{"name":"hexo","hostname":"amas.org","pid":6885,"level":20,"msg":"Plugin loaded: \u001b[35mhexo-generator-index\u001b[39m","time":"2018-07-17T03:42:12.679Z","v":0}
{"name":"hexo","hostname":"amas.org","pid":6885,"level":20,"msg":"Plugin loaded: \u001b[35mhexo-renderer-jade\u001b[39m","time":"2018-07-17T03:42:12.889Z","v":0}
{"name":"hexo","hostname":"amas.org","pid":6885,"level":20,"msg":"Plugin loaded: \u001b[35mhexo-renderer-stylus\u001b[39m","time":"2018-07-17T03:42:12.890Z","v":0}
{"name":"hexo","hostname":"amas.org","pid":6885,"level":20,"msg":"Plugin loaded: \u001b[35mhexo-renderer-marked\u001b[39m","time":"2018-07-17T03:42:12.894Z","v":0}
{"name":"hexo","hostname":"amas.org","pid":6885,"level":20,"msg":"Plugin loaded: \u001b[35mhexo-generator-tag\u001b[39m","time":"2018-07-17T03:42:12.895Z","v":0}
{"name":"hexo","hostname":"amas.org","pid":6885,"level":20,"msg":"Plugin loaded: \u001b[35mhexo-renderer-ejs\u001b[39m","time":"2018-07-17T03:42:12.896Z","v":0}
{"name":"hexo","hostname":"amas.org","pid":6885,"level":20,"msg":"Plugin loaded: \u001b[35mhexo-server\u001b[39m","time":"2018-07-17T03:42:12.934Z","v":0}
{"name":"hexo","hostname":"amas.org","pid":6885,"level":20,"msg":"Script loaded: \u001b[35mthemes/prince/scripts/customGist.js\u001b[39m","time":"2018-07-17T03:42:12.958Z","v":0}
{"name":"hexo","hostname":"amas.org","pid":6885,"level":20,"msg":"Loading database.","time":"2018-07-17T03:42:12.960Z","v":0}
{"name":"hexo","hostname":"amas.org","pid":6885,"level":30,"msg":"Start processing","time":"2018-07-17T03:42:13.014Z","v":0}
{"name":"hexo","hostname":"amas.org","pid":6885,"level":20,"msg":"Processed: \u001b[35m_posts/cmd-pandoc.md\u001b[39m","time":"2018-07-17T03:42:13.051Z","v":0}
{"name":"hexo","hostname":"amas.org","pid":6885,"level":20,"msg":"Processed: \u001b[35m_posts/eth-erc20.md\u001b[39m","time":"2018-07-17T03:42:13.051Z","v":0}
{"name":"hexo","hostname":"amas.org","pid":6885,"level":20,"msg":"Processed: \u001b[35m_posts/eth-ganache.md\u001b[39m","time":"2018-07-17T03:42:13.051Z","v":0}
{"name":"hexo","hostname":"amas.org","pid":6885,"level":20,"msg":"Processed: \u001b[35m_posts/eth-rpc-guide.md\u001b[39m","time":"2018-07-17T03:42:13.051Z","v":0}
{"name":"hexo","hostname":"amas.org","pid":6885,"level":20,"msg":"Processed: \u001b[35m_posts/eth-solidity.md\u001b[39m","time":"2018-07-17T03:42:13.051Z","v":0}
{"name":"hexo","hostname":"amas.org","pid":6885,"level":20,"msg":"Processed: \u001b[35m_posts/eth-truffle.md\u001b[39m","time":"2018-07-17T03:42:13.051Z","v":0}
{"name":"hexo","hostname":"amas.org","pid":6885,"level":20,"msg":"Processed: \u001b[35m_posts/javascript-play.md\u001b[39m","time":"2018-07-17T03:42:13.051Z","v":0}
{"name":"hexo","hostname":"amas.org","pid":6885,"level":20,"msg":"Processed: \u001b[35m_posts/node-npm.md\u001b[39m","time":"2018-07-17T03:42:13.051Z","v":0}
{"name":"hexo","hostname":"amas.org","pid":6885,"level":20,"msg":"Processed: \u001b[35m_posts/nodejs-dev-startup.md\u001b[39m","time":"2018-07-17T03:42:13.052Z","v":0}
{"name":"hexo","hostname":"amas.org","pid":6885,"level":20,"msg":"Processed: \u001b[35m_posts/nodejs-play.md\u001b[39m","time":"2018-07-17T03:42:13.052Z","v":0}
{"name":"hexo","hostname":"amas.org","pid":6885,"level":20,"msg":"Processed: \u001b[35m_posts/start-githubpage.md\u001b[39m","time":"2018-07-17T03:42:13.052Z","v":0}
{"name":"hexo","hostname":"amas.org","pid":6885,"level":20,"msg":"Processed: \u001b[35m_posts/zsh-ZshArray.md\u001b[39m","time":"2018-07-17T03:42:13.052Z","v":0}
{"name":"hexo","hostname":"amas.org","pid":6885,"level":20,"msg":"Processed: \u001b[35m_posts/zsh-ZshParameterExpansion.md\u001b[39m","time":"2018-07-17T03:42:13.052Z","v":0}
{"name":"hexo","hostname":"amas.org","pid":6885,"level":20,"msg":"Processed: \u001b[35m_posts/zsh-zsh-lover.md\u001b[39m","time":"2018-07-17T03:42:13.052Z","v":0}
{"name":"hexo","hostname":"amas.org","pid":6885,"level":20,"msg":"Processed: \u001b[35msource/favicon.png\u001b[39m","time":"2018-07-17T03:42:13.057Z","v":0}
{"name":"hexo","hostname":"amas.org","pid":6885,"level":20,"msg":"Theme config loaded.","time":"2018-07-17T03:42:13.062Z","v":0}
{"name":"hexo","hostname":"amas.org","pid":6885,"level":20,"msg":"Processed: \u001b[35m_config.yml\u001b[39m","time":"2018-07-17T03:42:13.063Z","v":0}
{"name":"hexo","hostname":"amas.org","pid":6885,"level":20,"msg":"Processed: \u001b[35msource/css/bootstrap.min.css\u001b[39m","time":"2018-07-17T03:42:13.068Z","v":0}
{"name":"hexo","hostname":"amas.org","pid":6885,"level":20,"msg":"Processed: \u001b[35msource/css/main.css\u001b[39m","time":"2018-07-17T03:42:13.068Z","v":0}
{"name":"hexo","hostname":"amas.org","pid":6885,"level":20,"msg":"Processed: \u001b[35msource/css/font-awesome.min.css\u001b[39m","time":"2018-07-17T03:42:13.068Z","v":0}
{"name":"hexo","hostname":"amas.org","pid":6885,"level":20,"msg":"Processed: \u001b[35msource/css/reset.css\u001b[39m","time":"2018-07-17T03:42:13.069Z","v":0}
{"name":"hexo","hostname":"amas.org","pid":6885,"level":20,"msg":"Processed: \u001b[35msource/fancybox/jquery.fancybox.min.css\u001b[39m","time":"2018-07-17T03:42:13.069Z","v":0}
{"name":"hexo","hostname":"amas.org","pid":6885,"level":20,"msg":"Processed: \u001b[35msource/fancybox/jquery.fancybox.min.js\u001b[39m","time":"2018-07-17T03:42:13.069Z","v":0}
{"name":"hexo","hostname":"amas.org","pid":6885,"level":20,"msg":"Processed: \u001b[35msource/js/gist-embed.min.js\u001b[39m","time":"2018-07-17T03:42:13.070Z","v":0}
{"name":"hexo","hostname":"amas.org","pid":6885,"level":20,"msg":"Processed: \u001b[35msource/js/bootstrap.min.js\u001b[39m","time":"2018-07-17T03:42:13.070Z","v":0}
{"name":"hexo","hostname":"amas.org","pid":6885,"level":20,"msg":"Processed: \u001b[35msource/js/script.js\u001b[39m","time":"2018-07-17T03:42:13.070Z","v":0}
{"name":"hexo","hostname":"amas.org","pid":6885,"level":20,"msg":"Processed: \u001b[35mlayout/archive.jade\u001b[39m","time":"2018-07-17T03:42:13.454Z","v":0}
{"name":"hexo","hostname":"amas.org","pid":6885,"level":20,"msg":"Processed: \u001b[35mlayout/index.jade\u001b[39m","time":"2018-07-17T03:42:13.454Z","v":0}
{"name":"hexo","hostname":"amas.org","pid":6885,"level":20,"msg":"Processed: \u001b[35mlayout/page.jade\u001b[39m","time":"2018-07-17T03:42:13.455Z","v":0}
{"name":"hexo","hostname":"amas.org","pid":6885,"level":20,"msg":"Processed: \u001b[35mlayout/post.jade\u001b[39m","time":"2018-07-17T03:42:13.455Z","v":0}
{"name":"hexo","hostname":"amas.org","pid":6885,"level":20,"msg":"Processed: \u001b[35mlayout/tag.jade\u001b[39m","time":"2018-07-17T03:42:13.455Z","v":0}
{"name":"hexo","hostname":"amas.org","pid":6885,"level":20,"msg":"Processed: \u001b[35mlanguages/zh-CN.yml\u001b[39m","time":"2018-07-17T03:42:13.456Z","v":0}
{"name":"hexo","hostname":"amas.org","pid":6885,"level":20,"msg":"Processed: \u001b[35mlanguages/default.yml\u001b[39m","time":"2018-07-17T03:42:13.456Z","v":0}
{"name":"hexo","hostname":"amas.org","pid":6885,"level":20,"msg":"Processed: \u001b[35msource/fonts/fontawesome-webfont.woff\u001b[39m","time":"2018-07-17T03:42:13.456Z","v":0}
{"name":"hexo","hostname":"amas.org","pid":6885,"level":20,"msg":"Processed: \u001b[35msource/fonts/fontawesome-webfont.woff2\u001b[39m","time":"2018-07-17T03:42:13.456Z","v":0}
{"name":"hexo","hostname":"amas.org","pid":6885,"level":20,"msg":"Processed: \u001b[35msource/js/jquery-3.2.1.min.js\u001b[39m","time":"2018-07-17T03:42:13.457Z","v":0}
{"name":"hexo","hostname":"amas.org","pid":6885,"level":20,"msg":"Processed: \u001b[35msource/aboutme.jpg\u001b[39m","time":"2018-07-17T03:42:13.458Z","v":0}
{"name":"hexo","hostname":"amas.org","pid":6885,"level":20,"msg":"Processed: \u001b[35msource/fonts/FontAwesome.otf\u001b[39m","time":"2018-07-17T03:42:13.459Z","v":0}
{"name":"hexo","hostname":"amas.org","pid":6885,"level":20,"msg":"Processed: \u001b[35msource/fonts/fontawesome-webfont.eot\u001b[39m","time":"2018-07-17T03:42:13.459Z","v":0}
{"name":"hexo","hostname":"amas.org","pid":6885,"level":20,"msg":"Processed: \u001b[35msource/fonts/fontawesome-webfont.ttf\u001b[39m","time":"2018-07-17T03:42:13.459Z","v":0}
{"name":"hexo","hostname":"amas.org","pid":6885,"level":20,"msg":"Processed: \u001b[35mlayout/_partial/aside.jade\u001b[39m","time":"2018-07-17T03:42:13.487Z","v":0}
{"name":"hexo","hostname":"amas.org","pid":6885,"level":20,"msg":"Processed: \u001b[35mlayout/_partial/google-analytics.jade\u001b[39m","time":"2018-07-17T03:42:13.488Z","v":0}
{"name":"hexo","hostname":"amas.org","pid":6885,"level":20,"msg":"Processed: \u001b[35mlayout/_partial/head.jade\u001b[39m","time":"2018-07-17T03:42:13.488Z","v":0}
{"name":"hexo","hostname":"amas.org","pid":6885,"level":20,"msg":"Processed: \u001b[35mlayout/_partial/copyright.jade\u001b[39m","time":"2018-07-17T03:42:13.488Z","v":0}
{"name":"hexo","hostname":"amas.org","pid":6885,"level":20,"msg":"Processed: \u001b[35mlayout/_partial/layout.jade\u001b[39m","time":"2018-07-17T03:42:13.488Z","v":0}
{"name":"hexo","hostname":"amas.org","pid":6885,"level":20,"msg":"Processed: \u001b[35msource/fonts/Oswald/Oswald-Bold.ttf\u001b[39m","time":"2018-07-17T03:42:13.489Z","v":0}
{"name":"hexo","hostname":"amas.org","pid":6885,"level":20,"msg":"Processed: \u001b[35msource/fonts/Oswald/Oswald-Regular.ttf\u001b[39m","time":"2018-07-17T03:42:13.489Z","v":0}
{"name":"hexo","hostname":"amas.org","pid":6885,"level":20,"msg":"Processed: \u001b[35mlayout/_partial/nav.jade\u001b[39m","time":"2018-07-17T03:42:13.516Z","v":0}
{"name":"hexo","hostname":"amas.org","pid":6885,"level":20,"msg":"Processed: \u001b[35mlayout/mixins/post.jade\u001b[39m","time":"2018-07-17T03:42:13.516Z","v":0}
{"name":"hexo","hostname":"amas.org","pid":6885,"level":20,"msg":"Processed: \u001b[35mlayout/mixins/paginator.jade\u001b[39m","time":"2018-07-17T03:42:13.516Z","v":0}
{"name":"hexo","hostname":"amas.org","pid":6885,"level":20,"msg":"Processed: \u001b[35msource/fonts/fontawesome-webfont.svg\u001b[39m","time":"2018-07-17T03:42:13.517Z","v":0}
{"name":"hexo","hostname":"amas.org","pid":6885,"level":60,"err":{"message":"(unknown path) [Line 71, Column 164]\n  unexpected token: #","name":"Template render error","stack":"Template render error: (unknown path) [Line 71, Column 164]\n  unexpected token: #\n    at Object.exports.prettifyError (/src/amas/amas.docs/node_modules/nunjucks/src/lib.js:34:15)\n    at new_cls.render (/src/amas/amas.docs/node_modules/nunjucks/src/environment.js:469:27)\n    at new_cls.renderString (/src/amas/amas.docs/node_modules/nunjucks/src/environment.js:327:21)\n    at /src/amas/amas.docs/node_modules/hexo/lib/extend/tag.js:66:9\n    at Promise._execute (/src/amas/amas.docs/node_modules/bluebird/js/release/debuggability.js:303:9)\n    at Promise._resolveFromExecutor (/src/amas/amas.docs/node_modules/bluebird/js/release/promise.js:483:18)\n    at new Promise (/src/amas/amas.docs/node_modules/bluebird/js/release/promise.js:79:10)\n    at Tag.render (/src/amas/amas.docs/node_modules/hexo/lib/extend/tag.js:64:10)\n    at Object.tagFilter [as onRenderEnd] (/src/amas/amas.docs/node_modules/hexo/lib/hexo/post.js:266:16)\n    at /src/amas/amas.docs/node_modules/hexo/lib/hexo/render.js:65:19\n    at tryCatcher (/src/amas/amas.docs/node_modules/bluebird/js/release/util.js:16:23)\n    at Promise._settlePromiseFromHandler (/src/amas/amas.docs/node_modules/bluebird/js/release/promise.js:512:31)\n    at Promise._settlePromise (/src/amas/amas.docs/node_modules/bluebird/js/release/promise.js:569:18)\n    at Promise._settlePromise0 (/src/amas/amas.docs/node_modules/bluebird/js/release/promise.js:614:10)\n    at Promise._settlePromises (/src/amas/amas.docs/node_modules/bluebird/js/release/promise.js:693:18)\n    at Async._drainQueue (/src/amas/amas.docs/node_modules/bluebird/js/release/async.js:133:16)\n    at Async._drainQueues (/src/amas/amas.docs/node_modules/bluebird/js/release/async.js:143:10)\n    at Immediate.Async.drainQueues (/src/amas/amas.docs/node_modules/bluebird/js/release/async.js:17:14)\n    at runCallback (timers.js:763:18)\n    at tryOnImmediate (timers.js:734:5)\n    at processImmediate (timers.js:716:5)"},"msg":"Something's wrong. Maybe you can find the solution here: \u001b[4mhttp://hexo.io/docs/troubleshooting.html\u001b[24m","time":"2018-07-17T03:42:13.865Z","v":0}
{"name":"hexo","hostname":"amas.org","pid":6885,"level":20,"msg":"Database saved","time":"2018-07-17T03:42:13.882Z","v":0}
{"name":"hexo","hostname":"amas.org","pid":6931,"level":20,"msg":"Hexo version: \u001b[35m3.4.4\u001b[39m","time":"2018-07-17T03:42:49.942Z","v":0}
{"name":"hexo","hostname":"amas.org","pid":6931,"level":20,"msg":"Working directory: \u001b[35m/src/amas/amas.docs/\u001b[39m","time":"2018-07-17T03:42:49.944Z","v":0}
{"name":"hexo","hostname":"amas.org","pid":6931,"level":20,"msg":"Config loaded: \u001b[35m/src/amas/amas.docs/_config.yml\u001b[39m","time":"2018-07-17T03:42:50.002Z","v":0}
{"name":"hexo","hostname":"amas.org","pid":6931,"level":20,"msg":"Plugin loaded: \u001b[35mhexo-deployer-git\u001b[39m","time":"2018-07-17T03:42:50.012Z","v":0}
{"name":"hexo","hostname":"amas.org","pid":6931,"level":20,"msg":"Plugin loaded: \u001b[35mhexo-generator-archive\u001b[39m","time":"2018-07-17T03:42:50.014Z","v":0}
{"name":"hexo","hostname":"amas.org","pid":6931,"level":20,"msg":"Plugin loaded: \u001b[35mhexo-generator-category\u001b[39m","time":"2018-07-17T03:42:50.015Z","v":0}
{"name":"hexo","hostname":"amas.org","pid":6931,"level":20,"msg":"Plugin loaded: \u001b[35mhexo-generator-index\u001b[39m","time":"2018-07-17T03:42:50.016Z","v":0}
{"name":"hexo","hostname":"amas.org","pid":6931,"level":20,"msg":"Plugin loaded: \u001b[35mhexo-generator-tag\u001b[39m","time":"2018-07-17T03:42:50.017Z","v":0}
{"name":"hexo","hostname":"amas.org","pid":6931,"level":20,"msg":"Plugin loaded: \u001b[35mhexo-renderer-ejs\u001b[39m","time":"2018-07-17T03:42:50.019Z","v":0}
{"name":"hexo","hostname":"amas.org","pid":6931,"level":20,"msg":"Plugin loaded: \u001b[35mhexo-renderer-jade\u001b[39m","time":"2018-07-17T03:42:50.228Z","v":0}
{"name":"hexo","hostname":"amas.org","pid":6931,"level":20,"msg":"Plugin loaded: \u001b[35mhexo-renderer-marked\u001b[39m","time":"2018-07-17T03:42:50.232Z","v":0}
{"name":"hexo","hostname":"amas.org","pid":6931,"level":20,"msg":"Plugin loaded: \u001b[35mhexo-renderer-stylus\u001b[39m","time":"2018-07-17T03:42:50.233Z","v":0}
{"name":"hexo","hostname":"amas.org","pid":6931,"level":20,"msg":"Plugin loaded: \u001b[35mhexo-server\u001b[39m","time":"2018-07-17T03:42:50.270Z","v":0}
{"name":"hexo","hostname":"amas.org","pid":6931,"level":20,"msg":"Script loaded: \u001b[35mthemes/prince/scripts/customGist.js\u001b[39m","time":"2018-07-17T03:42:50.296Z","v":0}
{"name":"hexo","hostname":"amas.org","pid":6931,"level":20,"msg":"Loading database.","time":"2018-07-17T03:42:50.297Z","v":0}
{"name":"hexo","hostname":"amas.org","pid":6931,"level":30,"msg":"Start processing","time":"2018-07-17T03:42:50.359Z","v":0}
{"name":"hexo","hostname":"amas.org","pid":6931,"level":20,"msg":"Processed: \u001b[35m_posts/cmd-pandoc.md\u001b[39m","time":"2018-07-17T03:42:50.398Z","v":0}
{"name":"hexo","hostname":"amas.org","pid":6931,"level":20,"msg":"Processed: \u001b[35m_posts/eth-erc20.md\u001b[39m","time":"2018-07-17T03:42:50.398Z","v":0}
{"name":"hexo","hostname":"amas.org","pid":6931,"level":20,"msg":"Processed: \u001b[35m_posts/eth-ganache.md\u001b[39m","time":"2018-07-17T03:42:50.398Z","v":0}
{"name":"hexo","hostname":"amas.org","pid":6931,"level":20,"msg":"Processed: \u001b[35m_posts/eth-rpc-guide.md\u001b[39m","time":"2018-07-17T03:42:50.398Z","v":0}
{"name":"hexo","hostname":"amas.org","pid":6931,"level":20,"msg":"Processed: \u001b[35m_posts/eth-solidity.md\u001b[39m","time":"2018-07-17T03:42:50.398Z","v":0}
{"name":"hexo","hostname":"amas.org","pid":6931,"level":20,"msg":"Processed: \u001b[35m_posts/eth-truffle.md\u001b[39m","time":"2018-07-17T03:42:50.398Z","v":0}
{"name":"hexo","hostname":"amas.org","pid":6931,"level":20,"msg":"Processed: \u001b[35m_posts/javascript-play.md\u001b[39m","time":"2018-07-17T03:42:50.398Z","v":0}
{"name":"hexo","hostname":"amas.org","pid":6931,"level":20,"msg":"Processed: \u001b[35m_posts/node-npm.md\u001b[39m","time":"2018-07-17T03:42:50.399Z","v":0}
{"name":"hexo","hostname":"amas.org","pid":6931,"level":20,"msg":"Processed: \u001b[35m_posts/nodejs-dev-startup.md\u001b[39m","time":"2018-07-17T03:42:50.399Z","v":0}
{"name":"hexo","hostname":"amas.org","pid":6931,"level":20,"msg":"Processed: \u001b[35m_posts/nodejs-play.md\u001b[39m","time":"2018-07-17T03:42:50.399Z","v":0}
{"name":"hexo","hostname":"amas.org","pid":6931,"level":20,"msg":"Processed: \u001b[35m_posts/zsh-ZshArray.md\u001b[39m","time":"2018-07-17T03:42:50.399Z","v":0}
{"name":"hexo","hostname":"amas.org","pid":6931,"level":20,"msg":"Processed: \u001b[35m_posts/start-githubpage.md\u001b[39m","time":"2018-07-17T03:42:50.399Z","v":0}
{"name":"hexo","hostname":"amas.org","pid":6931,"level":20,"msg":"Processed: \u001b[35m_posts/zsh-ZshParameterExpansion.md\u001b[39m","time":"2018-07-17T03:42:50.399Z","v":0}
{"name":"hexo","hostname":"amas.org","pid":6931,"level":20,"msg":"Processed: \u001b[35msource/favicon.png\u001b[39m","time":"2018-07-17T03:42:50.403Z","v":0}
{"name":"hexo","hostname":"amas.org","pid":6931,"level":20,"msg":"Theme config loaded.","time":"2018-07-17T03:42:50.414Z","v":0}
{"name":"hexo","hostname":"amas.org","pid":6931,"level":20,"msg":"Processed: \u001b[35m_config.yml\u001b[39m","time":"2018-07-17T03:42:50.414Z","v":0}
{"name":"hexo","hostname":"amas.org","pid":6931,"level":20,"msg":"Processed: \u001b[35msource/css/bootstrap.min.css\u001b[39m","time":"2018-07-17T03:42:50.414Z","v":0}
{"name":"hexo","hostname":"amas.org","pid":6931,"level":20,"msg":"Processed: \u001b[35msource/css/main.css\u001b[39m","time":"2018-07-17T03:42:50.414Z","v":0}
{"name":"hexo","hostname":"amas.org","pid":6931,"level":20,"msg":"Processed: \u001b[35msource/css/reset.css\u001b[39m","time":"2018-07-17T03:42:50.415Z","v":0}
{"name":"hexo","hostname":"amas.org","pid":6931,"level":20,"msg":"Processed: \u001b[35msource/fancybox/jquery.fancybox.min.css\u001b[39m","time":"2018-07-17T03:42:50.415Z","v":0}
{"name":"hexo","hostname":"amas.org","pid":6931,"level":20,"msg":"Processed: \u001b[35msource/fancybox/jquery.fancybox.min.js\u001b[39m","time":"2018-07-17T03:42:50.415Z","v":0}
{"name":"hexo","hostname":"amas.org","pid":6931,"level":20,"msg":"Processed: \u001b[35msource/css/font-awesome.min.css\u001b[39m","time":"2018-07-17T03:42:50.415Z","v":0}
{"name":"hexo","hostname":"amas.org","pid":6931,"level":20,"msg":"Processed: \u001b[35msource/js/bootstrap.min.js\u001b[39m","time":"2018-07-17T03:42:50.415Z","v":0}
{"name":"hexo","hostname":"amas.org","pid":6931,"level":20,"msg":"Processed: \u001b[35msource/js/script.js\u001b[39m","time":"2018-07-17T03:42:50.416Z","v":0}
{"name":"hexo","hostname":"amas.org","pid":6931,"level":20,"msg":"Processed: \u001b[35msource/js/gist-embed.min.js\u001b[39m","time":"2018-07-17T03:42:50.416Z","v":0}
{"name":"hexo","hostname":"amas.org","pid":6931,"level":20,"msg":"Processed: \u001b[35mlayout/archive.jade\u001b[39m","time":"2018-07-17T03:42:50.806Z","v":0}
{"name":"hexo","hostname":"amas.org","pid":6931,"level":20,"msg":"Processed: \u001b[35mlayout/index.jade\u001b[39m","time":"2018-07-17T03:42:50.806Z","v":0}
{"name":"hexo","hostname":"amas.org","pid":6931,"level":20,"msg":"Processed: \u001b[35mlayout/page.jade\u001b[39m","time":"2018-07-17T03:42:50.807Z","v":0}
{"name":"hexo","hostname":"amas.org","pid":6931,"level":20,"msg":"Processed: \u001b[35mlayout/post.jade\u001b[39m","time":"2018-07-17T03:42:50.807Z","v":0}
{"name":"hexo","hostname":"amas.org","pid":6931,"level":20,"msg":"Processed: \u001b[35mlayout/tag.jade\u001b[39m","time":"2018-07-17T03:42:50.807Z","v":0}
{"name":"hexo","hostname":"amas.org","pid":6931,"level":20,"msg":"Processed: \u001b[35m_posts/zsh-zsh-lover.md\u001b[39m","time":"2018-07-17T03:42:50.814Z","v":0}
{"name":"hexo","hostname":"amas.org","pid":6931,"level":20,"msg":"Processed: \u001b[35mlanguages/default.yml\u001b[39m","time":"2018-07-17T03:42:50.814Z","v":0}
{"name":"hexo","hostname":"amas.org","pid":6931,"level":20,"msg":"Processed: \u001b[35mlanguages/zh-CN.yml\u001b[39m","time":"2018-07-17T03:42:50.814Z","v":0}
{"name":"hexo","hostname":"amas.org","pid":6931,"level":20,"msg":"Processed: \u001b[35msource/fonts/fontawesome-webfont.woff\u001b[39m","time":"2018-07-17T03:42:50.814Z","v":0}
{"name":"hexo","hostname":"amas.org","pid":6931,"level":20,"msg":"Processed: \u001b[35msource/fonts/fontawesome-webfont.woff2\u001b[39m","time":"2018-07-17T03:42:50.815Z","v":0}
{"name":"hexo","hostname":"amas.org","pid":6931,"level":20,"msg":"Processed: \u001b[35msource/js/jquery-3.2.1.min.js\u001b[39m","time":"2018-07-17T03:42:50.815Z","v":0}
{"name":"hexo","hostname":"amas.org","pid":6931,"level":20,"msg":"Processed: \u001b[35msource/aboutme.jpg\u001b[39m","time":"2018-07-17T03:42:50.815Z","v":0}
{"name":"hexo","hostname":"amas.org","pid":6931,"level":20,"msg":"Processed: \u001b[35msource/fonts/FontAwesome.otf\u001b[39m","time":"2018-07-17T03:42:50.817Z","v":0}
{"name":"hexo","hostname":"amas.org","pid":6931,"level":20,"msg":"Processed: \u001b[35msource/fonts/fontawesome-webfont.eot\u001b[39m","time":"2018-07-17T03:42:50.818Z","v":0}
{"name":"hexo","hostname":"amas.org","pid":6931,"level":20,"msg":"Processed: \u001b[35msource/fonts/fontawesome-webfont.ttf\u001b[39m","time":"2018-07-17T03:42:50.818Z","v":0}
{"name":"hexo","hostname":"amas.org","pid":6931,"level":20,"msg":"Processed: \u001b[35mlayout/_partial/aside.jade\u001b[39m","time":"2018-07-17T03:42:50.849Z","v":0}
{"name":"hexo","hostname":"amas.org","pid":6931,"level":20,"msg":"Processed: \u001b[35mlayout/_partial/copyright.jade\u001b[39m","time":"2018-07-17T03:42:50.849Z","v":0}
{"name":"hexo","hostname":"amas.org","pid":6931,"level":20,"msg":"Processed: \u001b[35mlayout/_partial/google-analytics.jade\u001b[39m","time":"2018-07-17T03:42:50.849Z","v":0}
{"name":"hexo","hostname":"amas.org","pid":6931,"level":20,"msg":"Processed: \u001b[35mlayout/_partial/head.jade\u001b[39m","time":"2018-07-17T03:42:50.849Z","v":0}
{"name":"hexo","hostname":"amas.org","pid":6931,"level":20,"msg":"Processed: \u001b[35mlayout/_partial/layout.jade\u001b[39m","time":"2018-07-17T03:42:50.849Z","v":0}
{"name":"hexo","hostname":"amas.org","pid":6931,"level":20,"msg":"Processed: \u001b[35msource/fonts/Oswald/Oswald-Bold.ttf\u001b[39m","time":"2018-07-17T03:42:50.850Z","v":0}
{"name":"hexo","hostname":"amas.org","pid":6931,"level":20,"msg":"Processed: \u001b[35msource/fonts/Oswald/Oswald-Regular.ttf\u001b[39m","time":"2018-07-17T03:42:50.850Z","v":0}
{"name":"hexo","hostname":"amas.org","pid":6931,"level":20,"msg":"Processed: \u001b[35mlayout/_partial/nav.jade\u001b[39m","time":"2018-07-17T03:42:50.875Z","v":0}
{"name":"hexo","hostname":"amas.org","pid":6931,"level":20,"msg":"Processed: \u001b[35mlayout/mixins/paginator.jade\u001b[39m","time":"2018-07-17T03:42:50.876Z","v":0}
{"name":"hexo","hostname":"amas.org","pid":6931,"level":20,"msg":"Processed: \u001b[35mlayout/mixins/post.jade\u001b[39m","time":"2018-07-17T03:42:50.876Z","v":0}
{"name":"hexo","hostname":"amas.org","pid":6931,"level":20,"msg":"Processed: \u001b[35msource/fonts/fontawesome-webfont.svg\u001b[39m","time":"2018-07-17T03:42:50.877Z","v":0}
{"name":"hexo","hostname":"amas.org","pid":6931,"level":60,"err":{"message":"(unknown path) [Line 71, Column 164]\n  unexpected token: #","name":"Template render error","stack":"Template render error: (unknown path) [Line 71, Column 164]\n  unexpected token: #\n    at Object.exports.prettifyError (/src/amas/amas.docs/node_modules/nunjucks/src/lib.js:34:15)\n    at new_cls.render (/src/amas/amas.docs/node_modules/nunjucks/src/environment.js:469:27)\n    at new_cls.renderString (/src/amas/amas.docs/node_modules/nunjucks/src/environment.js:327:21)\n    at /src/amas/amas.docs/node_modules/hexo/lib/extend/tag.js:66:9\n    at Promise._execute (/src/amas/amas.docs/node_modules/bluebird/js/release/debuggability.js:303:9)\n    at Promise._resolveFromExecutor (/src/amas/amas.docs/node_modules/bluebird/js/release/promise.js:483:18)\n    at new Promise (/src/amas/amas.docs/node_modules/bluebird/js/release/promise.js:79:10)\n    at Tag.render (/src/amas/amas.docs/node_modules/hexo/lib/extend/tag.js:64:10)\n    at Object.tagFilter [as onRenderEnd] (/src/amas/amas.docs/node_modules/hexo/lib/hexo/post.js:266:16)\n    at /src/amas/amas.docs/node_modules/hexo/lib/hexo/render.js:65:19\n    at tryCatcher (/src/amas/amas.docs/node_modules/bluebird/js/release/util.js:16:23)\n    at Promise._settlePromiseFromHandler (/src/amas/amas.docs/node_modules/bluebird/js/release/promise.js:512:31)\n    at Promise._settlePromise (/src/amas/amas.docs/node_modules/bluebird/js/release/promise.js:569:18)\n    at Promise._settlePromise0 (/src/amas/amas.docs/node_modules/bluebird/js/release/promise.js:614:10)\n    at Promise._settlePromises (/src/amas/amas.docs/node_modules/bluebird/js/release/promise.js:693:18)\n    at Async._drainQueue (/src/amas/amas.docs/node_modules/bluebird/js/release/async.js:133:16)\n    at Async._drainQueues (/src/amas/amas.docs/node_modules/bluebird/js/release/async.js:143:10)\n    at Immediate.Async.drainQueues (/src/amas/amas.docs/node_modules/bluebird/js/release/async.js:17:14)\n    at runCallback (timers.js:763:18)\n    at tryOnImmediate (timers.js:734:5)\n    at processImmediate (timers.js:716:5)"},"msg":"Something's wrong. Maybe you can find the solution here: \u001b[4mhttp://hexo.io/docs/troubleshooting.html\u001b[24m","time":"2018-07-17T03:42:51.103Z","v":0}
{"name":"hexo","hostname":"amas.org","pid":6931,"level":20,"msg":"Database saved","time":"2018-07-17T03:42:51.144Z","v":0}
{"name":"hexo","hostname":"amas.org","pid":7680,"level":20,"msg":"Hexo version: \u001b[35m3.4.4\u001b[39m","time":"2018-07-17T03:57:25.372Z","v":0}
{"name":"hexo","hostname":"amas.org","pid":7680,"level":20,"msg":"Working directory: \u001b[35m/src/amas/amas.docs/\u001b[39m","time":"2018-07-17T03:57:25.373Z","v":0}
{"name":"hexo","hostname":"amas.org","pid":7680,"level":20,"msg":"Config loaded: \u001b[35m/src/amas/amas.docs/_config.yml\u001b[39m","time":"2018-07-17T03:57:25.428Z","v":0}
{"name":"hexo","hostname":"amas.org","pid":7680,"level":20,"msg":"Plugin loaded: \u001b[35mhexo-generator-archive\u001b[39m","time":"2018-07-17T03:57:25.435Z","v":0}
{"name":"hexo","hostname":"amas.org","pid":7680,"level":20,"msg":"Plugin loaded: \u001b[35mhexo-deployer-git\u001b[39m","time":"2018-07-17T03:57:25.437Z","v":0}
{"name":"hexo","hostname":"amas.org","pid":7680,"level":20,"msg":"Plugin loaded: \u001b[35mhexo-generator-category\u001b[39m","time":"2018-07-17T03:57:25.437Z","v":0}
{"name":"hexo","hostname":"amas.org","pid":7680,"level":20,"msg":"Plugin loaded: \u001b[35mhexo-generator-index\u001b[39m","time":"2018-07-17T03:57:25.439Z","v":0}
{"name":"hexo","hostname":"amas.org","pid":7680,"level":20,"msg":"Plugin loaded: \u001b[35mhexo-generator-tag\u001b[39m","time":"2018-07-17T03:57:25.439Z","v":0}
{"name":"hexo","hostname":"amas.org","pid":7680,"level":20,"msg":"Plugin loaded: \u001b[35mhexo-renderer-ejs\u001b[39m","time":"2018-07-17T03:57:25.443Z","v":0}
{"name":"hexo","hostname":"amas.org","pid":7680,"level":20,"msg":"Plugin loaded: \u001b[35mhexo-renderer-marked\u001b[39m","time":"2018-07-17T03:57:25.447Z","v":0}
{"name":"hexo","hostname":"amas.org","pid":7680,"level":20,"msg":"Plugin loaded: \u001b[35mhexo-renderer-stylus\u001b[39m","time":"2018-07-17T03:57:25.448Z","v":0}
{"name":"hexo","hostname":"amas.org","pid":7680,"level":20,"msg":"Plugin loaded: \u001b[35mhexo-renderer-jade\u001b[39m","time":"2018-07-17T03:57:25.657Z","v":0}
{"name":"hexo","hostname":"amas.org","pid":7680,"level":20,"msg":"Plugin loaded: \u001b[35mhexo-server\u001b[39m","time":"2018-07-17T03:57:25.694Z","v":0}
{"name":"hexo","hostname":"amas.org","pid":7680,"level":20,"msg":"Script loaded: \u001b[35mthemes/prince/scripts/customGist.js\u001b[39m","time":"2018-07-17T03:57:25.722Z","v":0}
{"name":"hexo","hostname":"amas.org","pid":7680,"level":20,"msg":"Loading database.","time":"2018-07-17T03:57:25.723Z","v":0}
{"name":"hexo","hostname":"amas.org","pid":7680,"level":30,"msg":"Start processing","time":"2018-07-17T03:57:25.824Z","v":0}
{"name":"hexo","hostname":"amas.org","pid":7680,"level":20,"msg":"Processed: \u001b[35m_posts/cmd-pandoc.md\u001b[39m","time":"2018-07-17T03:57:25.864Z","v":0}
{"name":"hexo","hostname":"amas.org","pid":7680,"level":20,"msg":"Processed: \u001b[35m_posts/eth-erc20.md\u001b[39m","time":"2018-07-17T03:57:25.864Z","v":0}
{"name":"hexo","hostname":"amas.org","pid":7680,"level":20,"msg":"Processed: \u001b[35m_posts/eth-ganache.md\u001b[39m","time":"2018-07-17T03:57:25.864Z","v":0}
{"name":"hexo","hostname":"amas.org","pid":7680,"level":20,"msg":"Processed: \u001b[35m_posts/eth-rpc-guide.md\u001b[39m","time":"2018-07-17T03:57:25.864Z","v":0}
{"name":"hexo","hostname":"amas.org","pid":7680,"level":20,"msg":"Processed: \u001b[35m_posts/eth-solidity.md\u001b[39m","time":"2018-07-17T03:57:25.864Z","v":0}
{"name":"hexo","hostname":"amas.org","pid":7680,"level":20,"msg":"Processed: \u001b[35m_posts/eth-truffle.md\u001b[39m","time":"2018-07-17T03:57:25.865Z","v":0}
{"name":"hexo","hostname":"amas.org","pid":7680,"level":20,"msg":"Processed: \u001b[35m_posts/javascript-play.md\u001b[39m","time":"2018-07-17T03:57:25.865Z","v":0}
{"name":"hexo","hostname":"amas.org","pid":7680,"level":20,"msg":"Processed: \u001b[35m_posts/node-npm.md\u001b[39m","time":"2018-07-17T03:57:25.865Z","v":0}
{"name":"hexo","hostname":"amas.org","pid":7680,"level":20,"msg":"Processed: \u001b[35m_posts/nodejs-dev-startup.md\u001b[39m","time":"2018-07-17T03:57:25.865Z","v":0}
{"name":"hexo","hostname":"amas.org","pid":7680,"level":20,"msg":"Processed: \u001b[35m_posts/nodejs-play.md\u001b[39m","time":"2018-07-17T03:57:25.865Z","v":0}
{"name":"hexo","hostname":"amas.org","pid":7680,"level":20,"msg":"Processed: \u001b[35m_posts/start-githubpage.md\u001b[39m","time":"2018-07-17T03:57:25.865Z","v":0}
{"name":"hexo","hostname":"amas.org","pid":7680,"level":20,"msg":"Processed: \u001b[35m_posts/zsh-ZshArray.md\u001b[39m","time":"2018-07-17T03:57:25.865Z","v":0}
{"name":"hexo","hostname":"amas.org","pid":7680,"level":20,"msg":"Processed: \u001b[35m_posts/zsh-zsh-lover.md\u001b[39m","time":"2018-07-17T03:57:25.865Z","v":0}
{"name":"hexo","hostname":"amas.org","pid":7680,"level":20,"msg":"Processed: \u001b[35msource/favicon.png\u001b[39m","time":"2018-07-17T03:57:25.869Z","v":0}
{"name":"hexo","hostname":"amas.org","pid":7680,"level":20,"msg":"Theme config loaded.","time":"2018-07-17T03:57:25.875Z","v":0}
{"name":"hexo","hostname":"amas.org","pid":7680,"level":20,"msg":"Processed: \u001b[35m_config.yml\u001b[39m","time":"2018-07-17T03:57:25.876Z","v":0}
{"name":"hexo","hostname":"amas.org","pid":7680,"level":20,"msg":"Processed: \u001b[35msource/css/main.css\u001b[39m","time":"2018-07-17T03:57:25.880Z","v":0}
{"name":"hexo","hostname":"amas.org","pid":7680,"level":20,"msg":"Processed: \u001b[35msource/css/font-awesome.min.css\u001b[39m","time":"2018-07-17T03:57:25.880Z","v":0}
{"name":"hexo","hostname":"amas.org","pid":7680,"level":20,"msg":"Processed: \u001b[35msource/css/reset.css\u001b[39m","time":"2018-07-17T03:57:25.880Z","v":0}
{"name":"hexo","hostname":"amas.org","pid":7680,"level":20,"msg":"Processed: \u001b[35msource/fancybox/jquery.fancybox.min.css\u001b[39m","time":"2018-07-17T03:57:25.880Z","v":0}
{"name":"hexo","hostname":"amas.org","pid":7680,"level":20,"msg":"Processed: \u001b[35msource/fancybox/jquery.fancybox.min.js\u001b[39m","time":"2018-07-17T03:57:25.881Z","v":0}
{"name":"hexo","hostname":"amas.org","pid":7680,"level":20,"msg":"Processed: \u001b[35msource/css/bootstrap.min.css\u001b[39m","time":"2018-07-17T03:57:25.881Z","v":0}
{"name":"hexo","hostname":"amas.org","pid":7680,"level":20,"msg":"Processed: \u001b[35msource/js/bootstrap.min.js\u001b[39m","time":"2018-07-17T03:57:25.881Z","v":0}
{"name":"hexo","hostname":"amas.org","pid":7680,"level":20,"msg":"Processed: \u001b[35msource/js/gist-embed.min.js\u001b[39m","time":"2018-07-17T03:57:25.881Z","v":0}
{"name":"hexo","hostname":"amas.org","pid":7680,"level":20,"msg":"Processed: \u001b[35msource/js/script.js\u001b[39m","time":"2018-07-17T03:57:25.881Z","v":0}
{"name":"hexo","hostname":"amas.org","pid":7680,"level":20,"msg":"Processed: \u001b[35mlayout/archive.jade\u001b[39m","time":"2018-07-17T03:57:26.282Z","v":0}
{"name":"hexo","hostname":"amas.org","pid":7680,"level":20,"msg":"Processed: \u001b[35mlayout/page.jade\u001b[39m","time":"2018-07-17T03:57:26.282Z","v":0}
{"name":"hexo","hostname":"amas.org","pid":7680,"level":20,"msg":"Processed: \u001b[35mlayout/post.jade\u001b[39m","time":"2018-07-17T03:57:26.283Z","v":0}
{"name":"hexo","hostname":"amas.org","pid":7680,"level":20,"msg":"Processed: \u001b[35mlayout/index.jade\u001b[39m","time":"2018-07-17T03:57:26.283Z","v":0}
{"name":"hexo","hostname":"amas.org","pid":7680,"level":20,"msg":"Processed: \u001b[35mlayout/tag.jade\u001b[39m","time":"2018-07-17T03:57:26.283Z","v":0}
{"name":"hexo","hostname":"amas.org","pid":7680,"level":20,"msg":"Processed: \u001b[35m_posts/zsh-ZshParameterExpansion.md\u001b[39m","time":"2018-07-17T03:57:26.289Z","v":0}
{"name":"hexo","hostname":"amas.org","pid":7680,"level":20,"msg":"Processed: \u001b[35mlanguages/zh-CN.yml\u001b[39m","time":"2018-07-17T03:57:26.289Z","v":0}
{"name":"hexo","hostname":"amas.org","pid":7680,"level":20,"msg":"Processed: \u001b[35mlanguages/default.yml\u001b[39m","time":"2018-07-17T03:57:26.289Z","v":0}
{"name":"hexo","hostname":"amas.org","pid":7680,"level":20,"msg":"Processed: \u001b[35msource/fonts/fontawesome-webfont.woff\u001b[39m","time":"2018-07-17T03:57:26.289Z","v":0}
{"name":"hexo","hostname":"amas.org","pid":7680,"level":20,"msg":"Processed: \u001b[35msource/fonts/fontawesome-webfont.woff2\u001b[39m","time":"2018-07-17T03:57:26.290Z","v":0}
{"name":"hexo","hostname":"amas.org","pid":7680,"level":20,"msg":"Processed: \u001b[35msource/js/jquery-3.2.1.min.js\u001b[39m","time":"2018-07-17T03:57:26.290Z","v":0}
{"name":"hexo","hostname":"amas.org","pid":7680,"level":20,"msg":"Processed: \u001b[35msource/aboutme.jpg\u001b[39m","time":"2018-07-17T03:57:26.292Z","v":0}
{"name":"hexo","hostname":"amas.org","pid":7680,"level":20,"msg":"Processed: \u001b[35msource/fonts/FontAwesome.otf\u001b[39m","time":"2018-07-17T03:57:26.292Z","v":0}
{"name":"hexo","hostname":"amas.org","pid":7680,"level":20,"msg":"Processed: \u001b[35msource/fonts/fontawesome-webfont.eot\u001b[39m","time":"2018-07-17T03:57:26.293Z","v":0}
{"name":"hexo","hostname":"amas.org","pid":7680,"level":20,"msg":"Processed: \u001b[35msource/fonts/fontawesome-webfont.ttf\u001b[39m","time":"2018-07-17T03:57:26.293Z","v":0}
{"name":"hexo","hostname":"amas.org","pid":7680,"level":20,"msg":"Processed: \u001b[35mlayout/_partial/aside.jade\u001b[39m","time":"2018-07-17T03:57:26.322Z","v":0}
{"name":"hexo","hostname":"amas.org","pid":7680,"level":20,"msg":"Processed: \u001b[35mlayout/_partial/google-analytics.jade\u001b[39m","time":"2018-07-17T03:57:26.322Z","v":0}
{"name":"hexo","hostname":"amas.org","pid":7680,"level":20,"msg":"Processed: \u001b[35mlayout/_partial/copyright.jade\u001b[39m","time":"2018-07-17T03:57:26.322Z","v":0}
{"name":"hexo","hostname":"amas.org","pid":7680,"level":20,"msg":"Processed: \u001b[35mlayout/_partial/head.jade\u001b[39m","time":"2018-07-17T03:57:26.322Z","v":0}
{"name":"hexo","hostname":"amas.org","pid":7680,"level":20,"msg":"Processed: \u001b[35mlayout/_partial/layout.jade\u001b[39m","time":"2018-07-17T03:57:26.322Z","v":0}
{"name":"hexo","hostname":"amas.org","pid":7680,"level":20,"msg":"Processed: \u001b[35msource/fonts/Oswald/Oswald-Regular.ttf\u001b[39m","time":"2018-07-17T03:57:26.323Z","v":0}
{"name":"hexo","hostname":"amas.org","pid":7680,"level":20,"msg":"Processed: \u001b[35msource/fonts/Oswald/Oswald-Bold.ttf\u001b[39m","time":"2018-07-17T03:57:26.323Z","v":0}
{"name":"hexo","hostname":"amas.org","pid":7680,"level":30,"msg":"Good bye","time":"2018-07-17T03:57:26.348Z","v":0}
{"name":"hexo","hostname":"amas.org","pid":7680,"level":20,"msg":"Processed: \u001b[35mlayout/mixins/post.jade\u001b[39m","time":"2018-07-17T03:57:26.348Z","v":0}
{"name":"hexo","hostname":"amas.org","pid":7680,"level":20,"msg":"Processed: \u001b[35mlayout/_partial/nav.jade\u001b[39m","time":"2018-07-17T03:57:26.348Z","v":0}
{"name":"hexo","hostname":"amas.org","pid":7680,"level":20,"msg":"Processed: \u001b[35mlayout/mixins/paginator.jade\u001b[39m","time":"2018-07-17T03:57:26.348Z","v":0}
{"name":"hexo","hostname":"amas.org","pid":7680,"level":20,"msg":"Processed: \u001b[35msource/fonts/fontawesome-webfont.svg\u001b[39m","time":"2018-07-17T03:57:26.360Z","v":0}
{"name":"hexo","hostname":"amas.org","pid":7680,"level":20,"msg":"Database saved","time":"2018-07-17T03:57:26.361Z","v":0}
{"name":"hexo","hostname":"amas.org","pid":8078,"level":20,"msg":"Hexo version: \u001b[35m3.4.4\u001b[39m","time":"2018-07-17T04:02:22.141Z","v":0}
{"name":"hexo","hostname":"amas.org","pid":8078,"level":20,"msg":"Working directory: \u001b[35m/src/amas/amas.docs/\u001b[39m","time":"2018-07-17T04:02:22.142Z","v":0}
{"name":"hexo","hostname":"amas.org","pid":8078,"level":20,"msg":"Config loaded: \u001b[35m/src/amas/amas.docs/_config.yml\u001b[39m","time":"2018-07-17T04:02:22.198Z","v":0}
{"name":"hexo","hostname":"amas.org","pid":8078,"level":20,"msg":"Plugin loaded: \u001b[35mhexo-deployer-git\u001b[39m","time":"2018-07-17T04:02:22.206Z","v":0}
{"name":"hexo","hostname":"amas.org","pid":8078,"level":20,"msg":"Plugin loaded: \u001b[35mhexo-generator-category\u001b[39m","time":"2018-07-17T04:02:22.208Z","v":0}
{"name":"hexo","hostname":"amas.org","pid":8078,"level":20,"msg":"Plugin loaded: \u001b[35mhexo-generator-archive\u001b[39m","time":"2018-07-17T04:02:22.209Z","v":0}
{"name":"hexo","hostname":"amas.org","pid":8078,"level":20,"msg":"Plugin loaded: \u001b[35mhexo-generator-index\u001b[39m","time":"2018-07-17T04:02:22.210Z","v":0}
{"name":"hexo","hostname":"amas.org","pid":8078,"level":20,"msg":"Plugin loaded: \u001b[35mhexo-generator-tag\u001b[39m","time":"2018-07-17T04:02:22.211Z","v":0}
{"name":"hexo","hostname":"amas.org","pid":8078,"level":20,"msg":"Plugin loaded: \u001b[35mhexo-renderer-ejs\u001b[39m","time":"2018-07-17T04:02:22.215Z","v":0}
{"name":"hexo","hostname":"amas.org","pid":8078,"level":20,"msg":"Plugin loaded: \u001b[35mhexo-renderer-jade\u001b[39m","time":"2018-07-17T04:02:22.429Z","v":0}
{"name":"hexo","hostname":"amas.org","pid":8078,"level":20,"msg":"Plugin loaded: \u001b[35mhexo-renderer-marked\u001b[39m","time":"2018-07-17T04:02:22.452Z","v":0}
{"name":"hexo","hostname":"amas.org","pid":8078,"level":20,"msg":"Plugin loaded: \u001b[35mhexo-renderer-stylus\u001b[39m","time":"2018-07-17T04:02:22.453Z","v":0}
{"name":"hexo","hostname":"amas.org","pid":8078,"level":20,"msg":"Plugin loaded: \u001b[35mhexo-server\u001b[39m","time":"2018-07-17T04:02:22.490Z","v":0}
{"name":"hexo","hostname":"amas.org","pid":8078,"level":20,"msg":"Plugin loaded: \u001b[35mhexo-toc\u001b[39m","time":"2018-07-17T04:02:22.571Z","v":0}
{"name":"hexo","hostname":"amas.org","pid":8078,"level":20,"msg":"Script loaded: \u001b[35mthemes/prince/scripts/customGist.js\u001b[39m","time":"2018-07-17T04:02:22.574Z","v":0}
{"name":"hexo","hostname":"amas.org","pid":8078,"level":20,"msg":"Loading database.","time":"2018-07-17T04:02:22.575Z","v":0}
{"name":"hexo","hostname":"amas.org","pid":8078,"level":30,"msg":"Start processing","time":"2018-07-17T04:02:22.680Z","v":0}
{"name":"hexo","hostname":"amas.org","pid":8078,"level":30,"msg":"See you again","time":"2018-07-17T04:02:22.700Z","v":0}
{"name":"hexo","hostname":"amas.org","pid":8078,"level":20,"msg":"Processed: \u001b[35m_posts/cmd-pandoc.md\u001b[39m","time":"2018-07-17T04:02:22.739Z","v":0}
{"name":"hexo","hostname":"amas.org","pid":8078,"level":20,"msg":"Processed: \u001b[35m_posts/eth-erc20.md\u001b[39m","time":"2018-07-17T04:02:22.740Z","v":0}
{"name":"hexo","hostname":"amas.org","pid":8078,"level":20,"msg":"Processed: \u001b[35m_posts/eth-ganache.md\u001b[39m","time":"2018-07-17T04:02:22.740Z","v":0}
{"name":"hexo","hostname":"amas.org","pid":8078,"level":20,"msg":"Processed: \u001b[35m_posts/eth-rpc-guide.md\u001b[39m","time":"2018-07-17T04:02:22.740Z","v":0}
{"name":"hexo","hostname":"amas.org","pid":8078,"level":20,"msg":"Processed: \u001b[35m_posts/eth-solidity.md\u001b[39m","time":"2018-07-17T04:02:22.740Z","v":0}
{"name":"hexo","hostname":"amas.org","pid":8078,"level":20,"msg":"Processed: \u001b[35m_posts/eth-truffle.md\u001b[39m","time":"2018-07-17T04:02:22.740Z","v":0}
{"name":"hexo","hostname":"amas.org","pid":8078,"level":20,"msg":"Processed: \u001b[35m_posts/javascript-play.md\u001b[39m","time":"2018-07-17T04:02:22.740Z","v":0}
{"name":"hexo","hostname":"amas.org","pid":8078,"level":20,"msg":"Processed: \u001b[35m_posts/node-npm.md\u001b[39m","time":"2018-07-17T04:02:22.740Z","v":0}
{"name":"hexo","hostname":"amas.org","pid":8078,"level":20,"msg":"Processed: \u001b[35m_posts/nodejs-dev-startup.md\u001b[39m","time":"2018-07-17T04:02:22.740Z","v":0}
{"name":"hexo","hostname":"amas.org","pid":8078,"level":20,"msg":"Processed: \u001b[35m_posts/nodejs-play.md\u001b[39m","time":"2018-07-17T04:02:22.740Z","v":0}
{"name":"hexo","hostname":"amas.org","pid":8078,"level":20,"msg":"Processed: \u001b[35m_posts/start-githubpage.md\u001b[39m","time":"2018-07-17T04:02:22.740Z","v":0}
{"name":"hexo","hostname":"amas.org","pid":8078,"level":20,"msg":"Processed: \u001b[35m_posts/zsh-ZshArray.md\u001b[39m","time":"2018-07-17T04:02:22.740Z","v":0}
{"name":"hexo","hostname":"amas.org","pid":8078,"level":20,"msg":"Processed: \u001b[35m_posts/zsh-ZshParameterExpansion.md\u001b[39m","time":"2018-07-17T04:02:22.740Z","v":0}
{"name":"hexo","hostname":"amas.org","pid":8078,"level":20,"msg":"Processed: \u001b[35m_posts/zsh-zsh-lover.md\u001b[39m","time":"2018-07-17T04:02:22.741Z","v":0}
{"name":"hexo","hostname":"amas.org","pid":8078,"level":20,"msg":"Processed: \u001b[35msource/favicon.png\u001b[39m","time":"2018-07-17T04:02:22.747Z","v":0}
{"name":"hexo","hostname":"amas.org","pid":8089,"level":20,"msg":"Hexo version: \u001b[35m3.4.4\u001b[39m","time":"2018-07-17T04:02:26.513Z","v":0}
{"name":"hexo","hostname":"amas.org","pid":8089,"level":20,"msg":"Working directory: \u001b[35m/src/amas/amas.docs/\u001b[39m","time":"2018-07-17T04:02:26.515Z","v":0}
{"name":"hexo","hostname":"amas.org","pid":8089,"level":20,"msg":"Config loaded: \u001b[35m/src/amas/amas.docs/_config.yml\u001b[39m","time":"2018-07-17T04:02:26.574Z","v":0}
{"name":"hexo","hostname":"amas.org","pid":8089,"level":20,"msg":"Plugin loaded: \u001b[35mhexo-deployer-git\u001b[39m","time":"2018-07-17T04:02:26.582Z","v":0}
{"name":"hexo","hostname":"amas.org","pid":8089,"level":20,"msg":"Plugin loaded: \u001b[35mhexo-generator-category\u001b[39m","time":"2018-07-17T04:02:26.583Z","v":0}
{"name":"hexo","hostname":"amas.org","pid":8089,"level":20,"msg":"Plugin loaded: \u001b[35mhexo-generator-index\u001b[39m","time":"2018-07-17T04:02:26.584Z","v":0}
{"name":"hexo","hostname":"amas.org","pid":8089,"level":20,"msg":"Plugin loaded: \u001b[35mhexo-generator-archive\u001b[39m","time":"2018-07-17T04:02:26.586Z","v":0}
{"name":"hexo","hostname":"amas.org","pid":8089,"level":20,"msg":"Plugin loaded: \u001b[35mhexo-generator-tag\u001b[39m","time":"2018-07-17T04:02:26.586Z","v":0}
{"name":"hexo","hostname":"amas.org","pid":8089,"level":20,"msg":"Plugin loaded: \u001b[35mhexo-renderer-ejs\u001b[39m","time":"2018-07-17T04:02:26.591Z","v":0}
{"name":"hexo","hostname":"amas.org","pid":8089,"level":20,"msg":"Plugin loaded: \u001b[35mhexo-renderer-jade\u001b[39m","time":"2018-07-17T04:02:26.801Z","v":0}
{"name":"hexo","hostname":"amas.org","pid":8089,"level":20,"msg":"Plugin loaded: \u001b[35mhexo-renderer-marked\u001b[39m","time":"2018-07-17T04:02:26.825Z","v":0}
{"name":"hexo","hostname":"amas.org","pid":8089,"level":20,"msg":"Plugin loaded: \u001b[35mhexo-renderer-stylus\u001b[39m","time":"2018-07-17T04:02:26.826Z","v":0}
{"name":"hexo","hostname":"amas.org","pid":8089,"level":20,"msg":"Plugin loaded: \u001b[35mhexo-server\u001b[39m","time":"2018-07-17T04:02:26.863Z","v":0}
{"name":"hexo","hostname":"amas.org","pid":8089,"level":20,"msg":"Plugin loaded: \u001b[35mhexo-toc\u001b[39m","time":"2018-07-17T04:02:26.943Z","v":0}
{"name":"hexo","hostname":"amas.org","pid":8089,"level":20,"msg":"Script loaded: \u001b[35mthemes/prince/scripts/customGist.js\u001b[39m","time":"2018-07-17T04:02:26.947Z","v":0}
{"name":"hexo","hostname":"amas.org","pid":8089,"level":20,"msg":"Loading database.","time":"2018-07-17T04:02:26.948Z","v":0}
{"name":"hexo","hostname":"amas.org","pid":8089,"level":30,"msg":"Start processing","time":"2018-07-17T04:02:27.056Z","v":0}
{"name":"hexo","hostname":"amas.org","pid":8089,"level":20,"msg":"Processed: \u001b[35m_posts/cmd-pandoc.md\u001b[39m","time":"2018-07-17T04:02:27.096Z","v":0}
{"name":"hexo","hostname":"amas.org","pid":8089,"level":20,"msg":"Processed: \u001b[35m_posts/eth-erc20.md\u001b[39m","time":"2018-07-17T04:02:27.097Z","v":0}
{"name":"hexo","hostname":"amas.org","pid":8089,"level":20,"msg":"Processed: \u001b[35m_posts/eth-ganache.md\u001b[39m","time":"2018-07-17T04:02:27.097Z","v":0}
{"name":"hexo","hostname":"amas.org","pid":8089,"level":20,"msg":"Processed: \u001b[35m_posts/eth-rpc-guide.md\u001b[39m","time":"2018-07-17T04:02:27.097Z","v":0}
{"name":"hexo","hostname":"amas.org","pid":8089,"level":20,"msg":"Processed: \u001b[35m_posts/eth-solidity.md\u001b[39m","time":"2018-07-17T04:02:27.097Z","v":0}
{"name":"hexo","hostname":"amas.org","pid":8089,"level":20,"msg":"Processed: \u001b[35m_posts/eth-truffle.md\u001b[39m","time":"2018-07-17T04:02:27.097Z","v":0}
{"name":"hexo","hostname":"amas.org","pid":8089,"level":20,"msg":"Processed: \u001b[35m_posts/javascript-play.md\u001b[39m","time":"2018-07-17T04:02:27.097Z","v":0}
{"name":"hexo","hostname":"amas.org","pid":8089,"level":20,"msg":"Processed: \u001b[35m_posts/node-npm.md\u001b[39m","time":"2018-07-17T04:02:27.097Z","v":0}
{"name":"hexo","hostname":"amas.org","pid":8089,"level":20,"msg":"Processed: \u001b[35m_posts/nodejs-dev-startup.md\u001b[39m","time":"2018-07-17T04:02:27.097Z","v":0}
{"name":"hexo","hostname":"amas.org","pid":8089,"level":20,"msg":"Processed: \u001b[35m_posts/nodejs-play.md\u001b[39m","time":"2018-07-17T04:02:27.097Z","v":0}
{"name":"hexo","hostname":"amas.org","pid":8089,"level":20,"msg":"Processed: \u001b[35m_posts/start-githubpage.md\u001b[39m","time":"2018-07-17T04:02:27.097Z","v":0}
{"name":"hexo","hostname":"amas.org","pid":8089,"level":20,"msg":"Processed: \u001b[35m_posts/zsh-ZshArray.md\u001b[39m","time":"2018-07-17T04:02:27.097Z","v":0}
{"name":"hexo","hostname":"amas.org","pid":8089,"level":20,"msg":"Processed: \u001b[35m_posts/zsh-ZshParameterExpansion.md\u001b[39m","time":"2018-07-17T04:02:27.098Z","v":0}
{"name":"hexo","hostname":"amas.org","pid":8089,"level":20,"msg":"Processed: \u001b[35m_posts/zsh-zsh-lover.md\u001b[39m","time":"2018-07-17T04:02:27.098Z","v":0}
{"name":"hexo","hostname":"amas.org","pid":8089,"level":20,"msg":"Processed: \u001b[35msource/favicon.png\u001b[39m","time":"2018-07-17T04:02:27.103Z","v":0}
{"name":"hexo","hostname":"amas.org","pid":8089,"level":20,"msg":"Theme config loaded.","time":"2018-07-17T04:02:27.113Z","v":0}
{"name":"hexo","hostname":"amas.org","pid":8089,"level":20,"msg":"Processed: \u001b[35m_config.yml\u001b[39m","time":"2018-07-17T04:02:27.113Z","v":0}
{"name":"hexo","hostname":"amas.org","pid":8089,"level":20,"msg":"Processed: \u001b[35msource/css/bootstrap.min.css\u001b[39m","time":"2018-07-17T04:02:27.114Z","v":0}
{"name":"hexo","hostname":"amas.org","pid":8089,"level":20,"msg":"Processed: \u001b[35msource/css/font-awesome.min.css\u001b[39m","time":"2018-07-17T04:02:27.114Z","v":0}
{"name":"hexo","hostname":"amas.org","pid":8089,"level":20,"msg":"Processed: \u001b[35msource/css/main.css\u001b[39m","time":"2018-07-17T04:02:27.114Z","v":0}
{"name":"hexo","hostname":"amas.org","pid":8089,"level":20,"msg":"Processed: \u001b[35msource/css/reset.css\u001b[39m","time":"2018-07-17T04:02:27.114Z","v":0}
{"name":"hexo","hostname":"amas.org","pid":8089,"level":20,"msg":"Processed: \u001b[35msource/fancybox/jquery.fancybox.min.js\u001b[39m","time":"2018-07-17T04:02:27.115Z","v":0}
{"name":"hexo","hostname":"amas.org","pid":8089,"level":20,"msg":"Processed: \u001b[35msource/fancybox/jquery.fancybox.min.css\u001b[39m","time":"2018-07-17T04:02:27.115Z","v":0}
{"name":"hexo","hostname":"amas.org","pid":8089,"level":20,"msg":"Processed: \u001b[35msource/js/bootstrap.min.js\u001b[39m","time":"2018-07-17T04:02:27.115Z","v":0}
{"name":"hexo","hostname":"amas.org","pid":8089,"level":20,"msg":"Processed: \u001b[35msource/js/gist-embed.min.js\u001b[39m","time":"2018-07-17T04:02:27.116Z","v":0}
{"name":"hexo","hostname":"amas.org","pid":8089,"level":20,"msg":"Processed: \u001b[35msource/js/script.js\u001b[39m","time":"2018-07-17T04:02:27.116Z","v":0}
{"name":"hexo","hostname":"amas.org","pid":8089,"level":20,"msg":"Processed: \u001b[35mlayout/archive.jade\u001b[39m","time":"2018-07-17T04:02:27.521Z","v":0}
{"name":"hexo","hostname":"amas.org","pid":8089,"level":20,"msg":"Processed: \u001b[35mlayout/index.jade\u001b[39m","time":"2018-07-17T04:02:27.522Z","v":0}
{"name":"hexo","hostname":"amas.org","pid":8089,"level":20,"msg":"Processed: \u001b[35mlayout/page.jade\u001b[39m","time":"2018-07-17T04:02:27.522Z","v":0}
{"name":"hexo","hostname":"amas.org","pid":8089,"level":20,"msg":"Processed: \u001b[35mlayout/post.jade\u001b[39m","time":"2018-07-17T04:02:27.522Z","v":0}
{"name":"hexo","hostname":"amas.org","pid":8089,"level":20,"msg":"Processed: \u001b[35mlayout/tag.jade\u001b[39m","time":"2018-07-17T04:02:27.522Z","v":0}
{"name":"hexo","hostname":"amas.org","pid":8089,"level":20,"msg":"Processed: \u001b[35mlanguages/zh-CN.yml\u001b[39m","time":"2018-07-17T04:02:27.524Z","v":0}
{"name":"hexo","hostname":"amas.org","pid":8089,"level":20,"msg":"Processed: \u001b[35mlanguages/default.yml\u001b[39m","time":"2018-07-17T04:02:27.524Z","v":0}
{"name":"hexo","hostname":"amas.org","pid":8089,"level":20,"msg":"Processed: \u001b[35msource/fonts/fontawesome-webfont.woff\u001b[39m","time":"2018-07-17T04:02:27.524Z","v":0}
{"name":"hexo","hostname":"amas.org","pid":8089,"level":20,"msg":"Processed: \u001b[35msource/fonts/fontawesome-webfont.woff2\u001b[39m","time":"2018-07-17T04:02:27.524Z","v":0}
{"name":"hexo","hostname":"amas.org","pid":8089,"level":20,"msg":"Processed: \u001b[35msource/js/jquery-3.2.1.min.js\u001b[39m","time":"2018-07-17T04:02:27.525Z","v":0}
{"name":"hexo","hostname":"amas.org","pid":8089,"level":20,"msg":"Processed: \u001b[35msource/aboutme.jpg\u001b[39m","time":"2018-07-17T04:02:27.525Z","v":0}
{"name":"hexo","hostname":"amas.org","pid":8089,"level":20,"msg":"Processed: \u001b[35msource/fonts/FontAwesome.otf\u001b[39m","time":"2018-07-17T04:02:27.527Z","v":0}
{"name":"hexo","hostname":"amas.org","pid":8089,"level":20,"msg":"Processed: \u001b[35msource/fonts/fontawesome-webfont.eot\u001b[39m","time":"2018-07-17T04:02:27.527Z","v":0}
{"name":"hexo","hostname":"amas.org","pid":8089,"level":20,"msg":"Processed: \u001b[35msource/fonts/fontawesome-webfont.ttf\u001b[39m","time":"2018-07-17T04:02:27.527Z","v":0}
{"name":"hexo","hostname":"amas.org","pid":8089,"level":20,"msg":"Processed: \u001b[35mlayout/_partial/google-analytics.jade\u001b[39m","time":"2018-07-17T04:02:27.558Z","v":0}
{"name":"hexo","hostname":"amas.org","pid":8089,"level":20,"msg":"Processed: \u001b[35mlayout/_partial/aside.jade\u001b[39m","time":"2018-07-17T04:02:27.559Z","v":0}
{"name":"hexo","hostname":"amas.org","pid":8089,"level":20,"msg":"Processed: \u001b[35mlayout/_partial/copyright.jade\u001b[39m","time":"2018-07-17T04:02:27.559Z","v":0}
{"name":"hexo","hostname":"amas.org","pid":8089,"level":20,"msg":"Processed: \u001b[35mlayout/_partial/head.jade\u001b[39m","time":"2018-07-17T04:02:27.559Z","v":0}
{"name":"hexo","hostname":"amas.org","pid":8089,"level":20,"msg":"Processed: \u001b[35mlayout/_partial/layout.jade\u001b[39m","time":"2018-07-17T04:02:27.559Z","v":0}
{"name":"hexo","hostname":"amas.org","pid":8089,"level":20,"msg":"Processed: \u001b[35msource/fonts/Oswald/Oswald-Bold.ttf\u001b[39m","time":"2018-07-17T04:02:27.560Z","v":0}
{"name":"hexo","hostname":"amas.org","pid":8089,"level":20,"msg":"Processed: \u001b[35msource/fonts/Oswald/Oswald-Regular.ttf\u001b[39m","time":"2018-07-17T04:02:27.560Z","v":0}
{"name":"hexo","hostname":"amas.org","pid":8089,"level":20,"msg":"Processed: \u001b[35mlayout/_partial/nav.jade\u001b[39m","time":"2018-07-17T04:02:27.583Z","v":0}
{"name":"hexo","hostname":"amas.org","pid":8089,"level":20,"msg":"Processed: \u001b[35mlayout/mixins/post.jade\u001b[39m","time":"2018-07-17T04:02:27.583Z","v":0}
{"name":"hexo","hostname":"amas.org","pid":8089,"level":20,"msg":"Processed: \u001b[35mlayout/mixins/paginator.jade\u001b[39m","time":"2018-07-17T04:02:27.583Z","v":0}
{"name":"hexo","hostname":"amas.org","pid":8089,"level":20,"msg":"Processed: \u001b[35msource/fonts/fontawesome-webfont.svg\u001b[39m","time":"2018-07-17T04:02:27.585Z","v":0}
{"name":"hexo","hostname":"amas.org","pid":8089,"level":20,"msg":"Generator: \u001b[35mpage\u001b[39m","time":"2018-07-17T04:02:27.614Z","v":0}
{"name":"hexo","hostname":"amas.org","pid":8089,"level":20,"msg":"Generator: \u001b[35mpost\u001b[39m","time":"2018-07-17T04:02:27.615Z","v":0}
{"name":"hexo","hostname":"amas.org","pid":8089,"level":20,"msg":"Generator: \u001b[35mcategory\u001b[39m","time":"2018-07-17T04:02:27.615Z","v":0}
{"name":"hexo","hostname":"amas.org","pid":8089,"level":20,"msg":"Generator: \u001b[35mindex\u001b[39m","time":"2018-07-17T04:02:27.615Z","v":0}
{"name":"hexo","hostname":"amas.org","pid":8089,"level":20,"msg":"Generator: \u001b[35marchive\u001b[39m","time":"2018-07-17T04:02:27.615Z","v":0}
{"name":"hexo","hostname":"amas.org","pid":8089,"level":20,"msg":"Generator: \u001b[35mtag\u001b[39m","time":"2018-07-17T04:02:27.615Z","v":0}
{"name":"hexo","hostname":"amas.org","pid":8089,"level":20,"msg":"Generator: \u001b[35masset\u001b[39m","time":"2018-07-17T04:02:27.616Z","v":0}
{"name":"hexo","hostname":"amas.org","pid":8089,"level":30,"msg":"Files loaded in \u001b[36m673 ms\u001b[39m","time":"2018-07-17T04:02:27.621Z","v":0}
{"name":"hexo","hostname":"amas.org","pid":8089,"level":20,"msg":"Rendering post: \u001b[35m2018/04/09/nodejs-play/index.html\u001b[39m","time":"2018-07-17T04:02:27.625Z","v":0}
{"name":"hexo","hostname":"amas.org","pid":8089,"level":20,"msg":"Rendering post: \u001b[35m2018/03/27/zsh-ZshArray/index.html\u001b[39m","time":"2018-07-17T04:02:27.635Z","v":0}
{"name":"hexo","hostname":"amas.org","pid":8089,"level":20,"msg":"Rendering post: \u001b[35m2018/03/27/zsh-ZshParameterExpansion/index.html\u001b[39m","time":"2018-07-17T04:02:27.637Z","v":0}
{"name":"hexo","hostname":"amas.org","pid":8089,"level":20,"msg":"Rendering post: \u001b[35m2018/03/22/javascript-play/index.html\u001b[39m","time":"2018-07-17T04:02:27.638Z","v":0}
{"name":"hexo","hostname":"amas.org","pid":8089,"level":20,"msg":"Rendering post: \u001b[35m2018/03/19/zsh-zsh-lover/index.html\u001b[39m","time":"2018-07-17T04:02:27.640Z","v":0}
{"name":"hexo","hostname":"amas.org","pid":8089,"level":20,"msg":"Rendering post: \u001b[35m2018/03/19/cmd-pandoc/index.html\u001b[39m","time":"2018-07-17T04:02:27.641Z","v":0}
{"name":"hexo","hostname":"amas.org","pid":8089,"level":20,"msg":"Rendering post: \u001b[35m2018/03/12/nodejs-dev-startup/index.html\u001b[39m","time":"2018-07-17T04:02:27.645Z","v":0}
{"name":"hexo","hostname":"amas.org","pid":8089,"level":20,"msg":"Rendering post: \u001b[35m2018/01/19/eth-erc20/index.html\u001b[39m","time":"2018-07-17T04:02:27.646Z","v":0}
{"name":"hexo","hostname":"amas.org","pid":8089,"level":20,"msg":"Rendering post: \u001b[35m2018/01/18/eth-solidity/index.html\u001b[39m","time":"2018-07-17T04:02:27.647Z","v":0}
{"name":"hexo","hostname":"amas.org","pid":8089,"level":20,"msg":"Rendering post: \u001b[35m2018/01/16/node-npm/index.html\u001b[39m","time":"2018-07-17T04:02:27.649Z","v":0}
{"name":"hexo","hostname":"amas.org","pid":8089,"level":20,"msg":"Rendering post: \u001b[35m2018/01/15/eth-truffle/index.html\u001b[39m","time":"2018-07-17T04:02:27.650Z","v":0}
{"name":"hexo","hostname":"amas.org","pid":8089,"level":20,"msg":"Rendering post: \u001b[35m2018/01/15/eth-ganache/index.html\u001b[39m","time":"2018-07-17T04:02:27.651Z","v":0}
{"name":"hexo","hostname":"amas.org","pid":8089,"level":20,"msg":"Rendering post: \u001b[35m2018/01/05/eth-rpc-guide/index.html\u001b[39m","time":"2018-07-17T04:02:27.653Z","v":0}
{"name":"hexo","hostname":"amas.org","pid":8089,"level":20,"msg":"Rendering post: \u001b[35m2018/01/05/start-githubpage/index.html\u001b[39m","time":"2018-07-17T04:02:27.655Z","v":0}
{"name":"hexo","hostname":"amas.org","pid":8089,"level":20,"msg":"Rendering index: \u001b[35mindex.html\u001b[39m","time":"2018-07-17T04:02:27.656Z","v":0}
{"name":"hexo","hostname":"amas.org","pid":8089,"level":20,"msg":"Rendering index: \u001b[35mpage/2/index.html\u001b[39m","time":"2018-07-17T04:02:27.660Z","v":0}
{"name":"hexo","hostname":"amas.org","pid":8089,"level":20,"msg":"Rendering archive: \u001b[35marchives/index.html\u001b[39m","time":"2018-07-17T04:02:27.662Z","v":0}
{"name":"hexo","hostname":"amas.org","pid":8089,"level":20,"msg":"Rendering archive: \u001b[35marchives/page/2/index.html\u001b[39m","time":"2018-07-17T04:02:27.665Z","v":0}
{"name":"hexo","hostname":"amas.org","pid":8089,"level":20,"msg":"Rendering archive: \u001b[35marchives/2018/index.html\u001b[39m","time":"2018-07-17T04:02:27.667Z","v":0}
{"name":"hexo","hostname":"amas.org","pid":8089,"level":20,"msg":"Rendering archive: \u001b[35marchives/2018/page/2/index.html\u001b[39m","time":"2018-07-17T04:02:27.668Z","v":0}
{"name":"hexo","hostname":"amas.org","pid":8089,"level":20,"msg":"Rendering archive: \u001b[35marchives/2018/01/index.html\u001b[39m","time":"2018-07-17T04:02:27.670Z","v":0}
{"name":"hexo","hostname":"amas.org","pid":8089,"level":20,"msg":"Rendering archive: \u001b[35marchives/2018/03/index.html\u001b[39m","time":"2018-07-17T04:02:27.672Z","v":0}
{"name":"hexo","hostname":"amas.org","pid":8089,"level":20,"msg":"Rendering archive: \u001b[35marchives/2018/04/index.html\u001b[39m","time":"2018-07-17T04:02:27.674Z","v":0}
{"name":"hexo","hostname":"amas.org","pid":8089,"level":30,"msg":"Generated: \u001b[35mpage/2/index.html\u001b[39m","time":"2018-07-17T04:02:27.685Z","v":0}
{"name":"hexo","hostname":"amas.org","pid":8089,"level":30,"msg":"Generated: \u001b[35m2018/03/27/zsh-ZshParameterExpansion/index.html\u001b[39m","time":"2018-07-17T04:02:27.685Z","v":0}
{"name":"hexo","hostname":"amas.org","pid":8089,"level":30,"msg":"Generated: \u001b[35mindex.html\u001b[39m","time":"2018-07-17T04:02:27.686Z","v":0}
{"name":"hexo","hostname":"amas.org","pid":8089,"level":30,"msg":"3 files generated in \u001b[36m65 ms\u001b[39m","time":"2018-07-17T04:02:27.686Z","v":0}
{"name":"hexo","hostname":"amas.org","pid":8089,"level":20,"msg":"Database saved","time":"2018-07-17T04:02:27.699Z","v":0}
{"name":"hexo","hostname":"amas.org","pid":8108,"level":20,"msg":"Hexo version: \u001b[35m3.4.4\u001b[39m","time":"2018-07-17T04:02:33.225Z","v":0}
{"name":"hexo","hostname":"amas.org","pid":8108,"level":20,"msg":"Working directory: \u001b[35m/src/amas/amas.docs/\u001b[39m","time":"2018-07-17T04:02:33.226Z","v":0}
{"name":"hexo","hostname":"amas.org","pid":8108,"level":20,"msg":"Config loaded: \u001b[35m/src/amas/amas.docs/_config.yml\u001b[39m","time":"2018-07-17T04:02:33.282Z","v":0}
{"name":"hexo","hostname":"amas.org","pid":8108,"level":20,"msg":"Plugin loaded: \u001b[35mhexo-deployer-git\u001b[39m","time":"2018-07-17T04:02:33.289Z","v":0}
{"name":"hexo","hostname":"amas.org","pid":8108,"level":20,"msg":"Plugin loaded: \u001b[35mhexo-generator-archive\u001b[39m","time":"2018-07-17T04:02:33.291Z","v":0}
{"name":"hexo","hostname":"amas.org","pid":8108,"level":20,"msg":"Plugin loaded: \u001b[35mhexo-generator-index\u001b[39m","time":"2018-07-17T04:02:33.292Z","v":0}
{"name":"hexo","hostname":"amas.org","pid":8108,"level":20,"msg":"Plugin loaded: \u001b[35mhexo-generator-category\u001b[39m","time":"2018-07-17T04:02:33.293Z","v":0}
{"name":"hexo","hostname":"amas.org","pid":8108,"level":20,"msg":"Plugin loaded: \u001b[35mhexo-generator-tag\u001b[39m","time":"2018-07-17T04:02:33.293Z","v":0}
{"name":"hexo","hostname":"amas.org","pid":8108,"level":20,"msg":"Plugin loaded: \u001b[35mhexo-renderer-ejs\u001b[39m","time":"2018-07-17T04:02:33.299Z","v":0}
{"name":"hexo","hostname":"amas.org","pid":8108,"level":20,"msg":"Plugin loaded: \u001b[35mhexo-renderer-marked\u001b[39m","time":"2018-07-17T04:02:33.305Z","v":0}
{"name":"hexo","hostname":"amas.org","pid":8108,"level":20,"msg":"Plugin loaded: \u001b[35mhexo-renderer-jade\u001b[39m","time":"2018-07-17T04:02:33.518Z","v":0}
{"name":"hexo","hostname":"amas.org","pid":8108,"level":20,"msg":"Plugin loaded: \u001b[35mhexo-renderer-stylus\u001b[39m","time":"2018-07-17T04:02:33.519Z","v":0}
{"name":"hexo","hostname":"amas.org","pid":8108,"level":20,"msg":"Plugin loaded: \u001b[35mhexo-server\u001b[39m","time":"2018-07-17T04:02:33.557Z","v":0}
{"name":"hexo","hostname":"amas.org","pid":8108,"level":20,"msg":"Plugin loaded: \u001b[35mhexo-toc\u001b[39m","time":"2018-07-17T04:02:33.661Z","v":0}
{"name":"hexo","hostname":"amas.org","pid":8108,"level":20,"msg":"Script loaded: \u001b[35mthemes/prince/scripts/customGist.js\u001b[39m","time":"2018-07-17T04:02:33.664Z","v":0}
{"name":"hexo","hostname":"amas.org","pid":8108,"level":20,"msg":"Loading database.","time":"2018-07-17T04:02:33.665Z","v":0}
{"name":"hexo","hostname":"amas.org","pid":8108,"level":30,"msg":"Start processing","time":"2018-07-17T04:02:33.772Z","v":0}
{"name":"hexo","hostname":"amas.org","pid":8108,"level":20,"msg":"Processed: \u001b[35m_posts/cmd-pandoc.md\u001b[39m","time":"2018-07-17T04:02:33.806Z","v":0}
{"name":"hexo","hostname":"amas.org","pid":8108,"level":20,"msg":"Processed: \u001b[35m_posts/eth-erc20.md\u001b[39m","time":"2018-07-17T04:02:33.806Z","v":0}
{"name":"hexo","hostname":"amas.org","pid":8108,"level":20,"msg":"Processed: \u001b[35m_posts/eth-ganache.md\u001b[39m","time":"2018-07-17T04:02:33.806Z","v":0}
{"name":"hexo","hostname":"amas.org","pid":8108,"level":20,"msg":"Processed: \u001b[35m_posts/eth-rpc-guide.md\u001b[39m","time":"2018-07-17T04:02:33.806Z","v":0}
{"name":"hexo","hostname":"amas.org","pid":8108,"level":20,"msg":"Processed: \u001b[35m_posts/eth-solidity.md\u001b[39m","time":"2018-07-17T04:02:33.806Z","v":0}
{"name":"hexo","hostname":"amas.org","pid":8108,"level":20,"msg":"Processed: \u001b[35m_posts/eth-truffle.md\u001b[39m","time":"2018-07-17T04:02:33.806Z","v":0}
{"name":"hexo","hostname":"amas.org","pid":8108,"level":20,"msg":"Processed: \u001b[35m_posts/javascript-play.md\u001b[39m","time":"2018-07-17T04:02:33.806Z","v":0}
{"name":"hexo","hostname":"amas.org","pid":8108,"level":20,"msg":"Processed: \u001b[35m_posts/node-npm.md\u001b[39m","time":"2018-07-17T04:02:33.806Z","v":0}
{"name":"hexo","hostname":"amas.org","pid":8108,"level":20,"msg":"Processed: \u001b[35m_posts/nodejs-dev-startup.md\u001b[39m","time":"2018-07-17T04:02:33.806Z","v":0}
{"name":"hexo","hostname":"amas.org","pid":8108,"level":20,"msg":"Processed: \u001b[35m_posts/nodejs-play.md\u001b[39m","time":"2018-07-17T04:02:33.806Z","v":0}
{"name":"hexo","hostname":"amas.org","pid":8108,"level":20,"msg":"Processed: \u001b[35m_posts/start-githubpage.md\u001b[39m","time":"2018-07-17T04:02:33.806Z","v":0}
{"name":"hexo","hostname":"amas.org","pid":8108,"level":20,"msg":"Processed: \u001b[35m_posts/zsh-ZshArray.md\u001b[39m","time":"2018-07-17T04:02:33.806Z","v":0}
{"name":"hexo","hostname":"amas.org","pid":8108,"level":20,"msg":"Processed: \u001b[35m_posts/zsh-ZshParameterExpansion.md\u001b[39m","time":"2018-07-17T04:02:33.814Z","v":0}
{"name":"hexo","hostname":"amas.org","pid":8108,"level":20,"msg":"Processed: \u001b[35m_posts/zsh-zsh-lover.md\u001b[39m","time":"2018-07-17T04:02:33.814Z","v":0}
{"name":"hexo","hostname":"amas.org","pid":8108,"level":20,"msg":"Processed: \u001b[35msource/favicon.png\u001b[39m","time":"2018-07-17T04:02:33.815Z","v":0}
{"name":"hexo","hostname":"amas.org","pid":8108,"level":20,"msg":"Theme config loaded.","time":"2018-07-17T04:02:33.825Z","v":0}
{"name":"hexo","hostname":"amas.org","pid":8108,"level":20,"msg":"Processed: \u001b[35m_config.yml\u001b[39m","time":"2018-07-17T04:02:33.826Z","v":0}
{"name":"hexo","hostname":"amas.org","pid":8108,"level":20,"msg":"Processed: \u001b[35msource/css/font-awesome.min.css\u001b[39m","time":"2018-07-17T04:02:33.826Z","v":0}
{"name":"hexo","hostname":"amas.org","pid":8108,"level":20,"msg":"Processed: \u001b[35msource/css/main.css\u001b[39m","time":"2018-07-17T04:02:33.827Z","v":0}
{"name":"hexo","hostname":"amas.org","pid":8108,"level":20,"msg":"Processed: \u001b[35msource/css/reset.css\u001b[39m","time":"2018-07-17T04:02:33.827Z","v":0}
{"name":"hexo","hostname":"amas.org","pid":8108,"level":20,"msg":"Processed: \u001b[35msource/fancybox/jquery.fancybox.min.css\u001b[39m","time":"2018-07-17T04:02:33.827Z","v":0}
{"name":"hexo","hostname":"amas.org","pid":8108,"level":20,"msg":"Processed: \u001b[35msource/css/bootstrap.min.css\u001b[39m","time":"2018-07-17T04:02:33.827Z","v":0}
{"name":"hexo","hostname":"amas.org","pid":8108,"level":20,"msg":"Processed: \u001b[35msource/fancybox/jquery.fancybox.min.js\u001b[39m","time":"2018-07-17T04:02:33.828Z","v":0}
{"name":"hexo","hostname":"amas.org","pid":8108,"level":20,"msg":"Processed: \u001b[35msource/js/bootstrap.min.js\u001b[39m","time":"2018-07-17T04:02:33.828Z","v":0}
{"name":"hexo","hostname":"amas.org","pid":8108,"level":20,"msg":"Processed: \u001b[35msource/js/gist-embed.min.js\u001b[39m","time":"2018-07-17T04:02:33.828Z","v":0}
{"name":"hexo","hostname":"amas.org","pid":8108,"level":20,"msg":"Processed: \u001b[35msource/js/script.js\u001b[39m","time":"2018-07-17T04:02:33.828Z","v":0}
{"name":"hexo","hostname":"amas.org","pid":8108,"level":20,"msg":"Processed: \u001b[35msource/fonts/fontawesome-webfont.woff\u001b[39m","time":"2018-07-17T04:02:33.831Z","v":0}
{"name":"hexo","hostname":"amas.org","pid":8108,"level":20,"msg":"Processed: \u001b[35msource/fonts/fontawesome-webfont.woff2\u001b[39m","time":"2018-07-17T04:02:33.831Z","v":0}
{"name":"hexo","hostname":"amas.org","pid":8108,"level":20,"msg":"Processed: \u001b[35msource/js/jquery-3.2.1.min.js\u001b[39m","time":"2018-07-17T04:02:33.831Z","v":0}
{"name":"hexo","hostname":"amas.org","pid":8108,"level":20,"msg":"Processed: \u001b[35mlayout/archive.jade\u001b[39m","time":"2018-07-17T04:02:34.295Z","v":0}
{"name":"hexo","hostname":"amas.org","pid":8108,"level":20,"msg":"Processed: \u001b[35mlayout/index.jade\u001b[39m","time":"2018-07-17T04:02:34.296Z","v":0}
{"name":"hexo","hostname":"amas.org","pid":8108,"level":20,"msg":"Processed: \u001b[35mlayout/page.jade\u001b[39m","time":"2018-07-17T04:02:34.296Z","v":0}
{"name":"hexo","hostname":"amas.org","pid":8108,"level":20,"msg":"Processed: \u001b[35mlayout/post.jade\u001b[39m","time":"2018-07-17T04:02:34.296Z","v":0}
{"name":"hexo","hostname":"amas.org","pid":8108,"level":20,"msg":"Processed: \u001b[35mlayout/tag.jade\u001b[39m","time":"2018-07-17T04:02:34.296Z","v":0}
{"name":"hexo","hostname":"amas.org","pid":8108,"level":20,"msg":"Processed: \u001b[35mlanguages/default.yml\u001b[39m","time":"2018-07-17T04:02:34.299Z","v":0}
{"name":"hexo","hostname":"amas.org","pid":8108,"level":20,"msg":"Processed: \u001b[35mlanguages/zh-CN.yml\u001b[39m","time":"2018-07-17T04:02:34.299Z","v":0}
{"name":"hexo","hostname":"amas.org","pid":8108,"level":20,"msg":"Processed: \u001b[35msource/aboutme.jpg\u001b[39m","time":"2018-07-17T04:02:34.300Z","v":0}
{"name":"hexo","hostname":"amas.org","pid":8108,"level":20,"msg":"Processed: \u001b[35msource/fonts/FontAwesome.otf\u001b[39m","time":"2018-07-17T04:02:34.300Z","v":0}
{"name":"hexo","hostname":"amas.org","pid":8108,"level":20,"msg":"Processed: \u001b[35msource/fonts/fontawesome-webfont.eot\u001b[39m","time":"2018-07-17T04:02:34.300Z","v":0}
{"name":"hexo","hostname":"amas.org","pid":8108,"level":20,"msg":"Processed: \u001b[35msource/fonts/fontawesome-webfont.ttf\u001b[39m","time":"2018-07-17T04:02:34.301Z","v":0}
{"name":"hexo","hostname":"amas.org","pid":8108,"level":20,"msg":"Processed: \u001b[35msource/fonts/Oswald/Oswald-Regular.ttf\u001b[39m","time":"2018-07-17T04:02:34.303Z","v":0}
{"name":"hexo","hostname":"amas.org","pid":8108,"level":20,"msg":"Processed: \u001b[35msource/fonts/Oswald/Oswald-Bold.ttf\u001b[39m","time":"2018-07-17T04:02:34.303Z","v":0}
{"name":"hexo","hostname":"amas.org","pid":8108,"level":20,"msg":"Processed: \u001b[35mlayout/_partial/copyright.jade\u001b[39m","time":"2018-07-17T04:02:34.354Z","v":0}
{"name":"hexo","hostname":"amas.org","pid":8108,"level":20,"msg":"Processed: \u001b[35mlayout/_partial/aside.jade\u001b[39m","time":"2018-07-17T04:02:34.354Z","v":0}
{"name":"hexo","hostname":"amas.org","pid":8108,"level":20,"msg":"Processed: \u001b[35mlayout/_partial/google-analytics.jade\u001b[39m","time":"2018-07-17T04:02:34.354Z","v":0}
{"name":"hexo","hostname":"amas.org","pid":8108,"level":20,"msg":"Processed: \u001b[35mlayout/_partial/head.jade\u001b[39m","time":"2018-07-17T04:02:34.354Z","v":0}
{"name":"hexo","hostname":"amas.org","pid":8108,"level":20,"msg":"Processed: \u001b[35mlayout/_partial/layout.jade\u001b[39m","time":"2018-07-17T04:02:34.355Z","v":0}
{"name":"hexo","hostname":"amas.org","pid":8108,"level":20,"msg":"Processed: \u001b[35mlayout/_partial/nav.jade\u001b[39m","time":"2018-07-17T04:02:34.355Z","v":0}
{"name":"hexo","hostname":"amas.org","pid":8108,"level":20,"msg":"Processed: \u001b[35mlayout/mixins/post.jade\u001b[39m","time":"2018-07-17T04:02:34.355Z","v":0}
{"name":"hexo","hostname":"amas.org","pid":8108,"level":20,"msg":"Processed: \u001b[35mlayout/mixins/paginator.jade\u001b[39m","time":"2018-07-17T04:02:34.355Z","v":0}
{"name":"hexo","hostname":"amas.org","pid":8108,"level":20,"msg":"Processed: \u001b[35msource/fonts/fontawesome-webfont.svg\u001b[39m","time":"2018-07-17T04:02:34.357Z","v":0}
{"name":"hexo","hostname":"amas.org","pid":8108,"level":20,"msg":"Generator: \u001b[35mpage\u001b[39m","time":"2018-07-17T04:02:34.383Z","v":0}
{"name":"hexo","hostname":"amas.org","pid":8108,"level":20,"msg":"Generator: \u001b[35mpost\u001b[39m","time":"2018-07-17T04:02:34.383Z","v":0}
{"name":"hexo","hostname":"amas.org","pid":8108,"level":20,"msg":"Generator: \u001b[35marchive\u001b[39m","time":"2018-07-17T04:02:34.383Z","v":0}
{"name":"hexo","hostname":"amas.org","pid":8108,"level":20,"msg":"Generator: \u001b[35mindex\u001b[39m","time":"2018-07-17T04:02:34.383Z","v":0}
{"name":"hexo","hostname":"amas.org","pid":8108,"level":20,"msg":"Generator: \u001b[35mcategory\u001b[39m","time":"2018-07-17T04:02:34.383Z","v":0}
{"name":"hexo","hostname":"amas.org","pid":8108,"level":20,"msg":"Generator: \u001b[35mtag\u001b[39m","time":"2018-07-17T04:02:34.383Z","v":0}
{"name":"hexo","hostname":"amas.org","pid":8108,"level":20,"msg":"Generator: \u001b[35masset\u001b[39m","time":"2018-07-17T04:02:34.384Z","v":0}
{"name":"hexo","hostname":"amas.org","pid":8108,"level":30,"msg":"Files loaded in \u001b[36m724 ms\u001b[39m","time":"2018-07-17T04:02:34.389Z","v":0}
{"name":"hexo","hostname":"amas.org","pid":8108,"level":20,"msg":"Rendering post: \u001b[35m2018/04/09/nodejs-play/index.html\u001b[39m","time":"2018-07-17T04:02:34.396Z","v":0}
{"name":"hexo","hostname":"amas.org","pid":8108,"level":20,"msg":"Rendering post: \u001b[35m2018/03/27/zsh-ZshArray/index.html\u001b[39m","time":"2018-07-17T04:02:34.404Z","v":0}
{"name":"hexo","hostname":"amas.org","pid":8108,"level":20,"msg":"Rendering post: \u001b[35m2018/03/27/zsh-ZshParameterExpansion/index.html\u001b[39m","time":"2018-07-17T04:02:34.406Z","v":0}
{"name":"hexo","hostname":"amas.org","pid":8108,"level":20,"msg":"Rendering post: \u001b[35m2018/03/22/javascript-play/index.html\u001b[39m","time":"2018-07-17T04:02:34.408Z","v":0}
{"name":"hexo","hostname":"amas.org","pid":8108,"level":20,"msg":"Rendering post: \u001b[35m2018/03/19/zsh-zsh-lover/index.html\u001b[39m","time":"2018-07-17T04:02:34.409Z","v":0}
{"name":"hexo","hostname":"amas.org","pid":8108,"level":20,"msg":"Rendering post: \u001b[35m2018/03/19/cmd-pandoc/index.html\u001b[39m","time":"2018-07-17T04:02:34.410Z","v":0}
{"name":"hexo","hostname":"amas.org","pid":8108,"level":20,"msg":"Rendering post: \u001b[35m2018/03/12/nodejs-dev-startup/index.html\u001b[39m","time":"2018-07-17T04:02:34.414Z","v":0}
{"name":"hexo","hostname":"amas.org","pid":8108,"level":20,"msg":"Rendering post: \u001b[35m2018/01/19/eth-erc20/index.html\u001b[39m","time":"2018-07-17T04:02:34.415Z","v":0}
{"name":"hexo","hostname":"amas.org","pid":8108,"level":20,"msg":"Rendering post: \u001b[35m2018/01/18/eth-solidity/index.html\u001b[39m","time":"2018-07-17T04:02:34.417Z","v":0}
{"name":"hexo","hostname":"amas.org","pid":8108,"level":20,"msg":"Rendering post: \u001b[35m2018/01/16/node-npm/index.html\u001b[39m","time":"2018-07-17T04:02:34.418Z","v":0}
{"name":"hexo","hostname":"amas.org","pid":8108,"level":20,"msg":"Rendering post: \u001b[35m2018/01/15/eth-truffle/index.html\u001b[39m","time":"2018-07-17T04:02:34.420Z","v":0}
{"name":"hexo","hostname":"amas.org","pid":8108,"level":20,"msg":"Rendering post: \u001b[35m2018/01/15/eth-ganache/index.html\u001b[39m","time":"2018-07-17T04:02:34.421Z","v":0}
{"name":"hexo","hostname":"amas.org","pid":8108,"level":20,"msg":"Rendering post: \u001b[35m2018/01/05/eth-rpc-guide/index.html\u001b[39m","time":"2018-07-17T04:02:34.423Z","v":0}
{"name":"hexo","hostname":"amas.org","pid":8108,"level":20,"msg":"Rendering post: \u001b[35m2018/01/05/start-githubpage/index.html\u001b[39m","time":"2018-07-17T04:02:34.424Z","v":0}
{"name":"hexo","hostname":"amas.org","pid":8108,"level":20,"msg":"Rendering archive: \u001b[35marchives/index.html\u001b[39m","time":"2018-07-17T04:02:34.426Z","v":0}
{"name":"hexo","hostname":"amas.org","pid":8108,"level":20,"msg":"Rendering archive: \u001b[35marchives/page/2/index.html\u001b[39m","time":"2018-07-17T04:02:34.428Z","v":0}
{"name":"hexo","hostname":"amas.org","pid":8108,"level":20,"msg":"Rendering archive: \u001b[35marchives/2018/index.html\u001b[39m","time":"2018-07-17T04:02:34.431Z","v":0}
{"name":"hexo","hostname":"amas.org","pid":8108,"level":20,"msg":"Rendering archive: \u001b[35marchives/2018/page/2/index.html\u001b[39m","time":"2018-07-17T04:02:34.432Z","v":0}
{"name":"hexo","hostname":"amas.org","pid":8108,"level":20,"msg":"Rendering archive: \u001b[35marchives/2018/01/index.html\u001b[39m","time":"2018-07-17T04:02:34.434Z","v":0}
{"name":"hexo","hostname":"amas.org","pid":8108,"level":20,"msg":"Rendering archive: \u001b[35marchives/2018/03/index.html\u001b[39m","time":"2018-07-17T04:02:34.435Z","v":0}
{"name":"hexo","hostname":"amas.org","pid":8108,"level":20,"msg":"Rendering archive: \u001b[35marchives/2018/04/index.html\u001b[39m","time":"2018-07-17T04:02:34.437Z","v":0}
{"name":"hexo","hostname":"amas.org","pid":8108,"level":20,"msg":"Rendering index: \u001b[35mindex.html\u001b[39m","time":"2018-07-17T04:02:34.439Z","v":0}
{"name":"hexo","hostname":"amas.org","pid":8108,"level":20,"msg":"Rendering index: \u001b[35mpage/2/index.html\u001b[39m","time":"2018-07-17T04:02:34.442Z","v":0}
{"name":"hexo","hostname":"amas.org","pid":8108,"level":30,"msg":"Generated: \u001b[35m2018/04/09/nodejs-play/index.html\u001b[39m","time":"2018-07-17T04:02:34.466Z","v":0}
{"name":"hexo","hostname":"amas.org","pid":8108,"level":30,"msg":"Generated: \u001b[35m2018/03/12/nodejs-dev-startup/index.html\u001b[39m","time":"2018-07-17T04:02:34.466Z","v":0}
{"name":"hexo","hostname":"amas.org","pid":8108,"level":30,"msg":"Generated: \u001b[35m2018/03/19/cmd-pandoc/index.html\u001b[39m","time":"2018-07-17T04:02:34.466Z","v":0}
{"name":"hexo","hostname":"amas.org","pid":8108,"level":30,"msg":"Generated: \u001b[35m2018/01/19/eth-erc20/index.html\u001b[39m","time":"2018-07-17T04:02:34.466Z","v":0}
{"name":"hexo","hostname":"amas.org","pid":8108,"level":30,"msg":"Generated: \u001b[35m2018/01/16/node-npm/index.html\u001b[39m","time":"2018-07-17T04:02:34.466Z","v":0}
{"name":"hexo","hostname":"amas.org","pid":8108,"level":30,"msg":"Generated: \u001b[35marchives/index.html\u001b[39m","time":"2018-07-17T04:02:34.467Z","v":0}
{"name":"hexo","hostname":"amas.org","pid":8108,"level":30,"msg":"Generated: \u001b[35m2018/01/05/start-githubpage/index.html\u001b[39m","time":"2018-07-17T04:02:34.467Z","v":0}
{"name":"hexo","hostname":"amas.org","pid":8108,"level":30,"msg":"Generated: \u001b[35m2018/01/15/eth-truffle/index.html\u001b[39m","time":"2018-07-17T04:02:34.467Z","v":0}
{"name":"hexo","hostname":"amas.org","pid":8108,"level":30,"msg":"Generated: \u001b[35m2018/01/15/eth-ganache/index.html\u001b[39m","time":"2018-07-17T04:02:34.467Z","v":0}
{"name":"hexo","hostname":"amas.org","pid":8108,"level":30,"msg":"Generated: \u001b[35marchives/2018/index.html\u001b[39m","time":"2018-07-17T04:02:34.467Z","v":0}
{"name":"hexo","hostname":"amas.org","pid":8108,"level":30,"msg":"Generated: \u001b[35marchives/page/2/index.html\u001b[39m","time":"2018-07-17T04:02:34.467Z","v":0}
{"name":"hexo","hostname":"amas.org","pid":8108,"level":30,"msg":"Generated: \u001b[35marchives/2018/01/index.html\u001b[39m","time":"2018-07-17T04:02:34.467Z","v":0}
{"name":"hexo","hostname":"amas.org","pid":8108,"level":30,"msg":"Generated: \u001b[35marchives/2018/page/2/index.html\u001b[39m","time":"2018-07-17T04:02:34.467Z","v":0}
{"name":"hexo","hostname":"amas.org","pid":8108,"level":30,"msg":"Generated: \u001b[35marchives/2018/03/index.html\u001b[39m","time":"2018-07-17T04:02:34.467Z","v":0}
{"name":"hexo","hostname":"amas.org","pid":8108,"level":30,"msg":"Generated: \u001b[35m2018/03/27/zsh-ZshArray/index.html\u001b[39m","time":"2018-07-17T04:02:34.467Z","v":0}
{"name":"hexo","hostname":"amas.org","pid":8108,"level":30,"msg":"Generated: \u001b[35marchives/2018/04/index.html\u001b[39m","time":"2018-07-17T04:02:34.468Z","v":0}
{"name":"hexo","hostname":"amas.org","pid":8108,"level":30,"msg":"Generated: \u001b[35m2018/01/05/eth-rpc-guide/index.html\u001b[39m","time":"2018-07-17T04:02:34.468Z","v":0}
{"name":"hexo","hostname":"amas.org","pid":8108,"level":30,"msg":"Generated: \u001b[35m2018/03/22/javascript-play/index.html\u001b[39m","time":"2018-07-17T04:02:34.468Z","v":0}
{"name":"hexo","hostname":"amas.org","pid":8108,"level":30,"msg":"Generated: \u001b[35m2018/01/18/eth-solidity/index.html\u001b[39m","time":"2018-07-17T04:02:34.468Z","v":0}
{"name":"hexo","hostname":"amas.org","pid":8108,"level":30,"msg":"Generated: \u001b[35m2018/03/19/zsh-zsh-lover/index.html\u001b[39m","time":"2018-07-17T04:02:34.468Z","v":0}
{"name":"hexo","hostname":"amas.org","pid":8108,"level":30,"msg":"Generated: \u001b[35m2018/03/27/zsh-ZshParameterExpansion/index.html\u001b[39m","time":"2018-07-17T04:02:34.468Z","v":0}
{"name":"hexo","hostname":"amas.org","pid":8108,"level":30,"msg":"Generated: \u001b[35mpage/2/index.html\u001b[39m","time":"2018-07-17T04:02:34.471Z","v":0}
{"name":"hexo","hostname":"amas.org","pid":8108,"level":30,"msg":"Generated: \u001b[35mindex.html\u001b[39m","time":"2018-07-17T04:02:34.471Z","v":0}
{"name":"hexo","hostname":"amas.org","pid":8108,"level":30,"msg":"Generated: \u001b[35mfavicon.png\u001b[39m","time":"2018-07-17T04:02:34.472Z","v":0}
{"name":"hexo","hostname":"amas.org","pid":8108,"level":30,"msg":"Generated: \u001b[35mfonts/fontawesome-webfont.woff2\u001b[39m","time":"2018-07-17T04:02:34.473Z","v":0}
{"name":"hexo","hostname":"amas.org","pid":8108,"level":30,"msg":"Generated: \u001b[35mfonts/Oswald/Oswald-Bold.ttf\u001b[39m","time":"2018-07-17T04:02:34.473Z","v":0}
{"name":"hexo","hostname":"amas.org","pid":8108,"level":30,"msg":"Generated: \u001b[35mfonts/fontawesome-webfont.woff\u001b[39m","time":"2018-07-17T04:02:34.473Z","v":0}
{"name":"hexo","hostname":"amas.org","pid":8108,"level":30,"msg":"Generated: \u001b[35mfonts/Oswald/Oswald-Regular.ttf\u001b[39m","time":"2018-07-17T04:02:34.473Z","v":0}
{"name":"hexo","hostname":"amas.org","pid":8108,"level":30,"msg":"Generated: \u001b[35mfancybox/jquery.fancybox.min.css\u001b[39m","time":"2018-07-17T04:02:34.473Z","v":0}
{"name":"hexo","hostname":"amas.org","pid":8108,"level":30,"msg":"Generated: \u001b[35mjs/gist-embed.min.js\u001b[39m","time":"2018-07-17T04:02:34.473Z","v":0}
{"name":"hexo","hostname":"amas.org","pid":8108,"level":30,"msg":"Generated: \u001b[35mcss/reset.css\u001b[39m","time":"2018-07-17T04:02:34.474Z","v":0}
{"name":"hexo","hostname":"amas.org","pid":8108,"level":30,"msg":"Generated: \u001b[35mjs/script.js\u001b[39m","time":"2018-07-17T04:02:34.474Z","v":0}
{"name":"hexo","hostname":"amas.org","pid":8108,"level":30,"msg":"Generated: \u001b[35mjs/bootstrap.min.js\u001b[39m","time":"2018-07-17T04:02:34.474Z","v":0}
{"name":"hexo","hostname":"amas.org","pid":8108,"level":30,"msg":"Generated: \u001b[35mcss/font-awesome.min.css\u001b[39m","time":"2018-07-17T04:02:34.474Z","v":0}
{"name":"hexo","hostname":"amas.org","pid":8108,"level":30,"msg":"Generated: \u001b[35mcss/main.css\u001b[39m","time":"2018-07-17T04:02:34.474Z","v":0}
{"name":"hexo","hostname":"amas.org","pid":8108,"level":30,"msg":"Generated: \u001b[35mfancybox/jquery.fancybox.min.js\u001b[39m","time":"2018-07-17T04:02:34.474Z","v":0}
{"name":"hexo","hostname":"amas.org","pid":8108,"level":30,"msg":"Generated: \u001b[35mcss/bootstrap.min.css\u001b[39m","time":"2018-07-17T04:02:34.474Z","v":0}
{"name":"hexo","hostname":"amas.org","pid":8108,"level":30,"msg":"Generated: \u001b[35mjs/jquery-3.2.1.min.js\u001b[39m","time":"2018-07-17T04:02:34.475Z","v":0}
{"name":"hexo","hostname":"amas.org","pid":8108,"level":30,"msg":"Generated: \u001b[35mfonts/FontAwesome.otf\u001b[39m","time":"2018-07-17T04:02:34.475Z","v":0}
{"name":"hexo","hostname":"amas.org","pid":8108,"level":30,"msg":"Generated: \u001b[35mfonts/fontawesome-webfont.ttf\u001b[39m","time":"2018-07-17T04:02:34.475Z","v":0}
{"name":"hexo","hostname":"amas.org","pid":8108,"level":30,"msg":"Generated: \u001b[35mfonts/fontawesome-webfont.eot\u001b[39m","time":"2018-07-17T04:02:34.475Z","v":0}
{"name":"hexo","hostname":"amas.org","pid":8108,"level":30,"msg":"Generated: \u001b[35maboutme.jpg\u001b[39m","time":"2018-07-17T04:02:34.475Z","v":0}
{"name":"hexo","hostname":"amas.org","pid":8108,"level":30,"msg":"Generated: \u001b[35mfonts/fontawesome-webfont.svg\u001b[39m","time":"2018-07-17T04:02:34.476Z","v":0}
{"name":"hexo","hostname":"amas.org","pid":8108,"level":30,"msg":"43 files generated in \u001b[36m87 ms\u001b[39m","time":"2018-07-17T04:02:34.476Z","v":0}
{"name":"hexo","hostname":"amas.org","pid":8108,"level":20,"msg":"Database saved","time":"2018-07-17T04:02:34.490Z","v":0}
